2024-08-08 17:28:35,859 [Worker-1: Loading available Gradle versions] INFO  o.e.b.c.i.u.g.PublishedGradleVersions - Gradle version information cache is up-to-date. Trying to read.
2024-08-08 17:33:11,615 [Worker-11: Launching mavenrun-477fcbf4-42b2-45fb-a50f-7fbcf5bdf8c9] INFO  o.eclipse.m2e.core.internal.Bundles - getClasspathEntries(Bundle=org.eclipse.m2e.maven.runtime_3.9.500.20231113-2345 [298])
2024-08-08 17:33:11,619 [Worker-11: Launching mavenrun-477fcbf4-42b2-45fb-a50f-7fbcf5bdf8c9] INFO  o.eclipse.m2e.core.internal.Bundles - 	Entry: C:\Users\admin\.p2\pool\plugins\org.eclipse.m2e.maven.runtime_3.9.500.20231113-2345
2024-08-08 17:33:11,620 [Worker-11: Launching mavenrun-477fcbf4-42b2-45fb-a50f-7fbcf5bdf8c9] INFO  o.eclipse.m2e.core.internal.Bundles - 	Entry: C:\Users\admin\.p2\pool\plugins\org.eclipse.m2e.maven.runtime_3.9.500.20231113-2345\jars\aopalliance-1.0.jar
2024-08-08 17:33:11,623 [Worker-11: Launching mavenrun-477fcbf4-42b2-45fb-a50f-7fbcf5bdf8c9] INFO  o.eclipse.m2e.core.internal.Bundles - 	Entry: C:\Users\admin\.p2\pool\plugins\org.eclipse.m2e.maven.runtime_3.9.500.20231113-2345\jars\guice-5.1.0.jar
2024-08-08 17:33:11,623 [Worker-11: Launching mavenrun-477fcbf4-42b2-45fb-a50f-7fbcf5bdf8c9] INFO  o.eclipse.m2e.core.internal.Bundles - 	Entry: C:\Users\admin\.p2\pool\plugins\org.eclipse.m2e.maven.runtime_3.9.500.20231113-2345\jars\httpclient-4.5.14.jar
2024-08-08 17:33:11,623 [Worker-11: Launching mavenrun-477fcbf4-42b2-45fb-a50f-7fbcf5bdf8c9] INFO  o.eclipse.m2e.core.internal.Bundles - 	Entry: C:\Users\admin\.p2\pool\plugins\org.eclipse.m2e.maven.runtime_3.9.500.20231113-2345\jars\httpcore-4.4.16.jar
2024-08-08 17:33:11,624 [Worker-11: Launching mavenrun-477fcbf4-42b2-45fb-a50f-7fbcf5bdf8c9] INFO  o.eclipse.m2e.core.internal.Bundles - 	Entry: C:\Users\admin\.p2\pool\plugins\org.eclipse.m2e.maven.runtime_3.9.500.20231113-2345\jars\jansi-2.4.0.jar
2024-08-08 17:33:11,624 [Worker-11: Launching mavenrun-477fcbf4-42b2-45fb-a50f-7fbcf5bdf8c9] INFO  o.eclipse.m2e.core.internal.Bundles - 	Entry: C:\Users\admin\.p2\pool\plugins\org.eclipse.m2e.maven.runtime_3.9.500.20231113-2345\jars\jcl-over-slf4j-1.7.36.jar
2024-08-08 17:33:11,624 [Worker-11: Launching mavenrun-477fcbf4-42b2-45fb-a50f-7fbcf5bdf8c9] INFO  o.eclipse.m2e.core.internal.Bundles - 	Entry: C:\Users\admin\.p2\pool\plugins\org.eclipse.m2e.maven.runtime_3.9.500.20231113-2345\jars\maven-artifact-3.9.5.jar
2024-08-08 17:33:11,625 [Worker-11: Launching mavenrun-477fcbf4-42b2-45fb-a50f-7fbcf5bdf8c9] INFO  o.eclipse.m2e.core.internal.Bundles - 	Entry: C:\Users\admin\.p2\pool\plugins\org.eclipse.m2e.maven.runtime_3.9.500.20231113-2345\jars\maven-builder-support-3.9.5.jar
2024-08-08 17:33:11,625 [Worker-11: Launching mavenrun-477fcbf4-42b2-45fb-a50f-7fbcf5bdf8c9] INFO  o.eclipse.m2e.core.internal.Bundles - 	Entry: C:\Users\admin\.p2\pool\plugins\org.eclipse.m2e.maven.runtime_3.9.500.20231113-2345\jars\maven-compat-3.9.5.jar
2024-08-08 17:33:11,625 [Worker-11: Launching mavenrun-477fcbf4-42b2-45fb-a50f-7fbcf5bdf8c9] INFO  o.eclipse.m2e.core.internal.Bundles - 	Entry: C:\Users\admin\.p2\pool\plugins\org.eclipse.m2e.maven.runtime_3.9.500.20231113-2345\jars\maven-core-3.9.5.jar
2024-08-08 17:33:11,626 [Worker-11: Launching mavenrun-477fcbf4-42b2-45fb-a50f-7fbcf5bdf8c9] INFO  o.eclipse.m2e.core.internal.Bundles - 	Entry: C:\Users\admin\.p2\pool\plugins\org.eclipse.m2e.maven.runtime_3.9.500.20231113-2345\jars\maven-embedder-3.9.5.jar
2024-08-08 17:33:11,626 [Worker-11: Launching mavenrun-477fcbf4-42b2-45fb-a50f-7fbcf5bdf8c9] INFO  o.eclipse.m2e.core.internal.Bundles - 	Entry: C:\Users\admin\.p2\pool\plugins\org.eclipse.m2e.maven.runtime_3.9.500.20231113-2345\jars\maven-model-3.9.5.jar
2024-08-08 17:33:11,626 [Worker-11: Launching mavenrun-477fcbf4-42b2-45fb-a50f-7fbcf5bdf8c9] INFO  o.eclipse.m2e.core.internal.Bundles - 	Entry: C:\Users\admin\.p2\pool\plugins\org.eclipse.m2e.maven.runtime_3.9.500.20231113-2345\jars\maven-model-builder-3.9.5.jar
2024-08-08 17:33:11,626 [Worker-11: Launching mavenrun-477fcbf4-42b2-45fb-a50f-7fbcf5bdf8c9] INFO  o.eclipse.m2e.core.internal.Bundles - 	Entry: C:\Users\admin\.p2\pool\plugins\org.eclipse.m2e.maven.runtime_3.9.500.20231113-2345\jars\maven-plugin-api-3.9.5.jar
2024-08-08 17:33:11,627 [Worker-11: Launching mavenrun-477fcbf4-42b2-45fb-a50f-7fbcf5bdf8c9] INFO  o.eclipse.m2e.core.internal.Bundles - 	Entry: C:\Users\admin\.p2\pool\plugins\org.eclipse.m2e.maven.runtime_3.9.500.20231113-2345\jars\maven-repository-metadata-3.9.5.jar
2024-08-08 17:33:11,627 [Worker-11: Launching mavenrun-477fcbf4-42b2-45fb-a50f-7fbcf5bdf8c9] INFO  o.eclipse.m2e.core.internal.Bundles - 	Entry: C:\Users\admin\.p2\pool\plugins\org.eclipse.m2e.maven.runtime_3.9.500.20231113-2345\jars\maven-resolver-api-1.9.16.jar
2024-08-08 17:33:11,628 [Worker-11: Launching mavenrun-477fcbf4-42b2-45fb-a50f-7fbcf5bdf8c9] INFO  o.eclipse.m2e.core.internal.Bundles - 	Entry: C:\Users\admin\.p2\pool\plugins\org.eclipse.m2e.maven.runtime_3.9.500.20231113-2345\jars\maven-resolver-connector-basic-1.9.16.jar
2024-08-08 17:33:11,628 [Worker-11: Launching mavenrun-477fcbf4-42b2-45fb-a50f-7fbcf5bdf8c9] INFO  o.eclipse.m2e.core.internal.Bundles - 	Entry: C:\Users\admin\.p2\pool\plugins\org.eclipse.m2e.maven.runtime_3.9.500.20231113-2345\jars\maven-resolver-impl-1.9.16.jar
2024-08-08 17:33:11,628 [Worker-11: Launching mavenrun-477fcbf4-42b2-45fb-a50f-7fbcf5bdf8c9] INFO  o.eclipse.m2e.core.internal.Bundles - 	Entry: C:\Users\admin\.p2\pool\plugins\org.eclipse.m2e.maven.runtime_3.9.500.20231113-2345\jars\maven-resolver-named-locks-1.9.16.jar
2024-08-08 17:33:11,628 [Worker-11: Launching mavenrun-477fcbf4-42b2-45fb-a50f-7fbcf5bdf8c9] INFO  o.eclipse.m2e.core.internal.Bundles - 	Entry: C:\Users\admin\.p2\pool\plugins\org.eclipse.m2e.maven.runtime_3.9.500.20231113-2345\jars\maven-resolver-provider-3.9.5.jar
2024-08-08 17:33:11,629 [Worker-11: Launching mavenrun-477fcbf4-42b2-45fb-a50f-7fbcf5bdf8c9] INFO  o.eclipse.m2e.core.internal.Bundles - 	Entry: C:\Users\admin\.p2\pool\plugins\org.eclipse.m2e.maven.runtime_3.9.500.20231113-2345\jars\maven-resolver-spi-1.9.16.jar
2024-08-08 17:33:11,629 [Worker-11: Launching mavenrun-477fcbf4-42b2-45fb-a50f-7fbcf5bdf8c9] INFO  o.eclipse.m2e.core.internal.Bundles - 	Entry: C:\Users\admin\.p2\pool\plugins\org.eclipse.m2e.maven.runtime_3.9.500.20231113-2345\jars\maven-resolver-transport-file-1.9.16.jar
2024-08-08 17:33:11,630 [Worker-11: Launching mavenrun-477fcbf4-42b2-45fb-a50f-7fbcf5bdf8c9] INFO  o.eclipse.m2e.core.internal.Bundles - 	Entry: C:\Users\admin\.p2\pool\plugins\org.eclipse.m2e.maven.runtime_3.9.500.20231113-2345\jars\maven-resolver-transport-http-1.9.16.jar
2024-08-08 17:33:11,630 [Worker-11: Launching mavenrun-477fcbf4-42b2-45fb-a50f-7fbcf5bdf8c9] INFO  o.eclipse.m2e.core.internal.Bundles - 	Entry: C:\Users\admin\.p2\pool\plugins\org.eclipse.m2e.maven.runtime_3.9.500.20231113-2345\jars\maven-resolver-transport-wagon-1.9.16.jar
2024-08-08 17:33:11,630 [Worker-11: Launching mavenrun-477fcbf4-42b2-45fb-a50f-7fbcf5bdf8c9] INFO  o.eclipse.m2e.core.internal.Bundles - 	Entry: C:\Users\admin\.p2\pool\plugins\org.eclipse.m2e.maven.runtime_3.9.500.20231113-2345\jars\maven-resolver-util-1.9.16.jar
2024-08-08 17:33:11,631 [Worker-11: Launching mavenrun-477fcbf4-42b2-45fb-a50f-7fbcf5bdf8c9] INFO  o.eclipse.m2e.core.internal.Bundles - 	Entry: C:\Users\admin\.p2\pool\plugins\org.eclipse.m2e.maven.runtime_3.9.500.20231113-2345\jars\maven-settings-3.9.5.jar
2024-08-08 17:33:11,631 [Worker-11: Launching mavenrun-477fcbf4-42b2-45fb-a50f-7fbcf5bdf8c9] INFO  o.eclipse.m2e.core.internal.Bundles - 	Entry: C:\Users\admin\.p2\pool\plugins\org.eclipse.m2e.maven.runtime_3.9.500.20231113-2345\jars\maven-settings-builder-3.9.5.jar
2024-08-08 17:33:11,631 [Worker-11: Launching mavenrun-477fcbf4-42b2-45fb-a50f-7fbcf5bdf8c9] INFO  o.eclipse.m2e.core.internal.Bundles - 	Entry: C:\Users\admin\.p2\pool\plugins\org.eclipse.m2e.maven.runtime_3.9.500.20231113-2345\jars\maven-shared-utils-3.3.4.jar
2024-08-08 17:33:11,631 [Worker-11: Launching mavenrun-477fcbf4-42b2-45fb-a50f-7fbcf5bdf8c9] INFO  o.eclipse.m2e.core.internal.Bundles - 	Entry: C:\Users\admin\.p2\pool\plugins\org.eclipse.m2e.maven.runtime_3.9.500.20231113-2345\jars\org.eclipse.sisu.inject-0.3.5.jar
2024-08-08 17:33:11,632 [Worker-11: Launching mavenrun-477fcbf4-42b2-45fb-a50f-7fbcf5bdf8c9] INFO  o.eclipse.m2e.core.internal.Bundles - 	Entry: C:\Users\admin\.p2\pool\plugins\org.eclipse.m2e.maven.runtime_3.9.500.20231113-2345\jars\org.eclipse.sisu.plexus-0.3.5.jar
2024-08-08 17:33:11,632 [Worker-11: Launching mavenrun-477fcbf4-42b2-45fb-a50f-7fbcf5bdf8c9] INFO  o.eclipse.m2e.core.internal.Bundles - 	Entry: C:\Users\admin\.p2\pool\plugins\org.eclipse.m2e.maven.runtime_3.9.500.20231113-2345\jars\plexus-build-api-0.0.7.jar
2024-08-08 17:33:11,632 [Worker-11: Launching mavenrun-477fcbf4-42b2-45fb-a50f-7fbcf5bdf8c9] INFO  o.eclipse.m2e.core.internal.Bundles - 	Entry: C:\Users\admin\.p2\pool\plugins\org.eclipse.m2e.maven.runtime_3.9.500.20231113-2345\jars\plexus-cipher-2.0.jar
2024-08-08 17:33:11,633 [Worker-11: Launching mavenrun-477fcbf4-42b2-45fb-a50f-7fbcf5bdf8c9] INFO  o.eclipse.m2e.core.internal.Bundles - 	Entry: C:\Users\admin\.p2\pool\plugins\org.eclipse.m2e.maven.runtime_3.9.500.20231113-2345\jars\plexus-classworlds-2.7.0.jar
2024-08-08 17:33:11,633 [Worker-11: Launching mavenrun-477fcbf4-42b2-45fb-a50f-7fbcf5bdf8c9] INFO  o.eclipse.m2e.core.internal.Bundles - 	Entry: C:\Users\admin\.p2\pool\plugins\org.eclipse.m2e.maven.runtime_3.9.500.20231113-2345\jars\plexus-component-annotations-2.1.0.jar
2024-08-08 17:33:11,633 [Worker-11: Launching mavenrun-477fcbf4-42b2-45fb-a50f-7fbcf5bdf8c9] INFO  o.eclipse.m2e.core.internal.Bundles - 	Entry: C:\Users\admin\.p2\pool\plugins\org.eclipse.m2e.maven.runtime_3.9.500.20231113-2345\jars\plexus-interpolation-1.26.jar
2024-08-08 17:33:11,633 [Worker-11: Launching mavenrun-477fcbf4-42b2-45fb-a50f-7fbcf5bdf8c9] INFO  o.eclipse.m2e.core.internal.Bundles - 	Entry: C:\Users\admin\.p2\pool\plugins\org.eclipse.m2e.maven.runtime_3.9.500.20231113-2345\jars\plexus-sec-dispatcher-2.0.jar
2024-08-08 17:33:11,634 [Worker-11: Launching mavenrun-477fcbf4-42b2-45fb-a50f-7fbcf5bdf8c9] INFO  o.eclipse.m2e.core.internal.Bundles - 	Entry: C:\Users\admin\.p2\pool\plugins\org.eclipse.m2e.maven.runtime_3.9.500.20231113-2345\jars\plexus-utils-3.5.1.jar
2024-08-08 17:33:11,634 [Worker-11: Launching mavenrun-477fcbf4-42b2-45fb-a50f-7fbcf5bdf8c9] INFO  o.eclipse.m2e.core.internal.Bundles - 	Entry: C:\Users\admin\.p2\pool\plugins\org.eclipse.m2e.maven.runtime_3.9.500.20231113-2345\jars\wagon-file-3.5.3.jar
2024-08-08 17:33:11,635 [Worker-11: Launching mavenrun-477fcbf4-42b2-45fb-a50f-7fbcf5bdf8c9] INFO  o.eclipse.m2e.core.internal.Bundles - 	Entry: C:\Users\admin\.p2\pool\plugins\org.eclipse.m2e.maven.runtime_3.9.500.20231113-2345\jars\wagon-http-3.5.3.jar
2024-08-08 17:33:11,636 [Worker-11: Launching mavenrun-477fcbf4-42b2-45fb-a50f-7fbcf5bdf8c9] INFO  o.eclipse.m2e.core.internal.Bundles - 	Entry: C:\Users\admin\.p2\pool\plugins\org.eclipse.m2e.maven.runtime_3.9.500.20231113-2345\jars\wagon-http-shared-3.5.3.jar
2024-08-08 17:33:11,637 [Worker-11: Launching mavenrun-477fcbf4-42b2-45fb-a50f-7fbcf5bdf8c9] INFO  o.eclipse.m2e.core.internal.Bundles - 	Entry: C:\Users\admin\.p2\pool\plugins\org.eclipse.m2e.maven.runtime_3.9.500.20231113-2345\jars\wagon-provider-api-3.5.3.jar
2024-08-08 17:33:11,640 [Worker-11: Launching mavenrun-477fcbf4-42b2-45fb-a50f-7fbcf5bdf8c9] INFO  o.eclipse.m2e.core.internal.Bundles - getClasspathEntries(Bundle=com.google.guava_33.0.0.jre [10])
2024-08-08 17:33:11,640 [Worker-11: Launching mavenrun-477fcbf4-42b2-45fb-a50f-7fbcf5bdf8c9] INFO  o.eclipse.m2e.core.internal.Bundles - 	Entry: C:\Users\admin\.p2\pool\plugins\com.google.guava_33.0.0.jre.jar
2024-08-08 17:33:11,640 [Worker-11: Launching mavenrun-477fcbf4-42b2-45fb-a50f-7fbcf5bdf8c9] INFO  o.eclipse.m2e.core.internal.Bundles - getClasspathEntries(Bundle=slf4j.api_2.0.11 [520])
2024-08-08 17:33:11,641 [Worker-11: Launching mavenrun-477fcbf4-42b2-45fb-a50f-7fbcf5bdf8c9] INFO  o.eclipse.m2e.core.internal.Bundles - 	Entry: C:\Users\admin\.p2\pool\plugins\slf4j.api_2.0.11.jar
2024-08-08 17:33:11,641 [Worker-11: Launching mavenrun-477fcbf4-42b2-45fb-a50f-7fbcf5bdf8c9] INFO  o.eclipse.m2e.core.internal.Bundles - getClasspathEntries(Bundle=jakarta.inject.jakarta.inject-api_1.0.5 [22])
2024-08-08 17:33:11,642 [Worker-11: Launching mavenrun-477fcbf4-42b2-45fb-a50f-7fbcf5bdf8c9] INFO  o.eclipse.m2e.core.internal.Bundles - 	Entry: C:\Users\admin\.p2\pool\plugins\jakarta.inject.jakarta.inject-api_1.0.5.jar
2024-08-08 17:33:11,642 [Worker-11: Launching mavenrun-477fcbf4-42b2-45fb-a50f-7fbcf5bdf8c9] INFO  o.eclipse.m2e.core.internal.Bundles - getClasspathEntries(Bundle=jakarta.annotation-api_1.3.5 [20])
2024-08-08 17:33:11,643 [Worker-11: Launching mavenrun-477fcbf4-42b2-45fb-a50f-7fbcf5bdf8c9] INFO  o.eclipse.m2e.core.internal.Bundles - 	Entry: C:\Users\admin\.p2\pool\plugins\jakarta.annotation-api_1.3.5.jar
2024-08-08 17:33:11,643 [Worker-11: Launching mavenrun-477fcbf4-42b2-45fb-a50f-7fbcf5bdf8c9] INFO  o.eclipse.m2e.core.internal.Bundles - getClasspathEntries(Bundle=org.apache.commons.cli_1.6.0 [46])
2024-08-08 17:33:11,643 [Worker-11: Launching mavenrun-477fcbf4-42b2-45fb-a50f-7fbcf5bdf8c9] INFO  o.eclipse.m2e.core.internal.Bundles - 	Entry: C:\Users\admin\.p2\pool\plugins\org.apache.commons.cli_1.6.0.jar
2024-08-08 17:33:11,643 [Worker-11: Launching mavenrun-477fcbf4-42b2-45fb-a50f-7fbcf5bdf8c9] INFO  o.eclipse.m2e.core.internal.Bundles - getClasspathEntries(Bundle=org.apache.commons.commons-codec_1.16.0 [48])
2024-08-08 17:33:11,644 [Worker-11: Launching mavenrun-477fcbf4-42b2-45fb-a50f-7fbcf5bdf8c9] INFO  o.eclipse.m2e.core.internal.Bundles - 	Entry: C:\Users\admin\.p2\pool\plugins\org.apache.commons.commons-codec_1.16.0.jar
2024-08-08 17:33:11,644 [Worker-11: Launching mavenrun-477fcbf4-42b2-45fb-a50f-7fbcf5bdf8c9] INFO  o.eclipse.m2e.core.internal.Bundles - getClasspathEntries(Bundle=org.apache.commons.lang3_3.13.0 [53])
2024-08-08 17:33:11,645 [Worker-11: Launching mavenrun-477fcbf4-42b2-45fb-a50f-7fbcf5bdf8c9] INFO  o.eclipse.m2e.core.internal.Bundles - 	Entry: C:\Users\admin\.p2\pool\plugins\org.apache.commons.lang3_3.13.0.jar
2024-08-08 17:33:11,645 [Worker-11: Launching mavenrun-477fcbf4-42b2-45fb-a50f-7fbcf5bdf8c9] INFO  o.eclipse.m2e.core.internal.Bundles - getClasspathEntries(Bundle=com.google.guava.failureaccess_1.0.2 [11])
2024-08-08 17:33:11,645 [Worker-11: Launching mavenrun-477fcbf4-42b2-45fb-a50f-7fbcf5bdf8c9] INFO  o.eclipse.m2e.core.internal.Bundles - 	Entry: C:\Users\admin\.p2\pool\plugins\com.google.guava.failureaccess_1.0.2.jar
2024-08-08 17:33:11,653 [Worker-11: Launching mavenrun-477fcbf4-42b2-45fb-a50f-7fbcf5bdf8c9] INFO  o.e.m.i.launch.MavenLaunchDelegate - Run build in "C:\Users\admin\AppData\Local\Temp\m2e-archetypeGenerator17825844774577027099":
2024-08-08 17:33:11,658 [Worker-11: Launching mavenrun-477fcbf4-42b2-45fb-a50f-7fbcf5bdf8c9] INFO  o.e.m.i.launch.MavenLaunchDelegate -  mvn  -DarchetypeGroupId=com.github.ywchang -DarchetypeArtifactId=maven-archetype-quickstart -DarchetypeVersion=1.1 -DgroupId=com -DartifactId=karate -Dversion=0.0.1-SNAPSHOT -Dpackage=com.karate -DoutputDirectory=E:\Karate -Dstyle.color=always -U archetype:generate
2024-08-08 17:33:55,333 [Worker-4: Creating maven-archetype-quickstart] INFO  o.e.m.c.i.p.ProjectConfigurationManager - Collecting project info '/pom.xml' E:\Karate\karate\pom.xml
2024-08-08 17:33:56,240 [Worker-4: Creating maven-archetype-quickstart] INFO  o.e.m.c.i.l.LifecycleMappingFactory - Using org.eclipse.m2e.jdt.JarLifecycleMapping lifecycle mapping for MavenProject: com:karate:0.0.1-SNAPSHOT @ E:\Karate\karate\pom.xml.
2024-08-08 17:33:57,271 [Worker-4: Creating maven-archetype-quickstart] INFO  o.e.m.j.i.AbstractJavaProjectConfigurator - Adding source folder /karate/src/main/java
2024-08-08 17:33:57,272 [Worker-4: Creating maven-archetype-quickstart] INFO  o.e.m.j.i.AbstractJavaProjectConfigurator - Adding resource folder /karate/src/main/resources
2024-08-08 17:33:57,298 [Worker-4: Creating maven-archetype-quickstart] INFO  o.e.m.j.i.AbstractJavaProjectConfigurator - Adding source folder /karate/src/test/java
2024-08-08 17:33:57,299 [Worker-4: Creating maven-archetype-quickstart] INFO  o.e.m.j.i.AbstractJavaProjectConfigurator - Adding resource folder /karate/src/test/resources
2024-08-08 17:33:57,533 [Worker-4: Creating maven-archetype-quickstart] INFO  o.e.m.c.i.p.ProjectConfigurationManager - Imported and configured 1 project(s) in 2 sec
2024-08-08 17:33:59,297 [Worker-14: Building] INFO  o.a.m.s.f.DefaultMavenResourcesFiltering - skip non existing resourceDirectory E:\Karate\karate\src\main\resources
2024-08-08 17:33:59,303 [Worker-14: Building] INFO  o.a.m.s.f.DefaultMavenResourcesFiltering - skip non existing resourceDirectory E:\Karate\karate\src\test\resources
2024-08-08 17:39:22,220 [Worker-13: Building] INFO  o.e.m.c.i.l.LifecycleMappingFactory - Using org.eclipse.m2e.jdt.JarLifecycleMapping lifecycle mapping for MavenProject: com:karate:0.0.1-SNAPSHOT @ E:\Karate\karate\pom.xml.
2024-08-08 17:39:22,415 [Worker-13: Building] INFO  o.a.m.s.f.DefaultMavenResourcesFiltering - skip non existing resourceDirectory E:\Karate\karate\src\main\resources
2024-08-08 17:39:22,421 [Worker-13: Building] INFO  o.a.m.s.f.DefaultMavenResourcesFiltering - skip non existing resourceDirectory E:\Karate\karate\src\test\resources
2024-08-08 17:39:35,105 [Worker-4: Building] INFO  o.a.m.s.f.DefaultMavenResourcesFiltering - skip non existing resourceDirectory E:\Karate\karate\src\main\resources
2024-08-08 17:39:35,109 [Worker-4: Building] INFO  o.a.m.s.f.DefaultMavenResourcesFiltering - skip non existing resourceDirectory E:\Karate\karate\src\test\resources
2024-08-08 17:40:36,782 [Worker-16: Building] ERROR o.e.m.c.i.p.r.ProjectRegistryManager - Could not read pom.xml
org.eclipse.core.runtime.CoreException: Could not read pom.xml
	at org.eclipse.m2e.core.internal.IMavenToolbox.readModel(IMavenToolbox.java:236)
	at org.eclipse.m2e.core.internal.project.registry.ProjectRegistryManager.refreshPhase2(ProjectRegistryManager.java:587)
	at org.eclipse.m2e.core.internal.project.registry.ProjectRegistryManager.refresh(ProjectRegistryManager.java:487)
	at org.eclipse.m2e.core.internal.project.registry.ProjectRegistryManager.refresh(ProjectRegistryManager.java:366)
	at org.eclipse.m2e.core.internal.project.registry.ProjectRegistryManager.refresh(ProjectRegistryManager.java:318)
	at org.eclipse.m2e.core.internal.builder.MavenBuilder$BuildMethod.getProjectFacade(MavenBuilder.java:146)
	at org.eclipse.m2e.core.internal.builder.MavenBuilder$BuildMethod.lambda$0(MavenBuilder.java:84)
	at org.eclipse.m2e.core.internal.embedder.MavenExecutionContext.executeBare(MavenExecutionContext.java:394)
	at org.eclipse.m2e.core.internal.embedder.MavenExecutionContext.execute(MavenExecutionContext.java:275)
	at org.eclipse.m2e.core.internal.embedder.MavenExecutionContext.execute(MavenExecutionContext.java:214)
	at org.eclipse.m2e.core.internal.builder.MavenBuilder$BuildMethod.execute(MavenBuilder.java:83)
	at org.eclipse.m2e.core.internal.builder.MavenBuilder.build(MavenBuilder.java:192)
	at org.eclipse.core.internal.events.BuildManager$2.run(BuildManager.java:1077)
	at org.eclipse.core.runtime.SafeRunner.run(SafeRunner.java:47)
	at org.eclipse.core.internal.events.BuildManager.basicBuild(BuildManager.java:296)
	at org.eclipse.core.internal.events.BuildManager.basicBuild(BuildManager.java:352)
	at org.eclipse.core.internal.events.BuildManager$1.run(BuildManager.java:441)
	at org.eclipse.core.runtime.SafeRunner.run(SafeRunner.java:47)
	at org.eclipse.core.internal.events.BuildManager.basicBuild(BuildManager.java:444)
	at org.eclipse.core.internal.events.BuildManager.basicBuildLoop(BuildManager.java:555)
	at org.eclipse.core.internal.events.BuildManager.basicBuildLoop(BuildManager.java:503)
	at org.eclipse.core.internal.events.BuildManager.build(BuildManager.java:585)
	at org.eclipse.core.internal.events.AutoBuildJob.doBuild(AutoBuildJob.java:207)
	at org.eclipse.core.internal.events.AutoBuildJob.run(AutoBuildJob.java:300)
	at org.eclipse.core.internal.jobs.Worker.run(Worker.java:63)
Caused by: org.apache.maven.model.io.ModelParseException: end tag name </dependencies> must match start tag name <project> from line 3 (position: TEXT seen ...</plugins>\r\n  </build>\r\n</dependencies>... @37:16) 
	at org.apache.maven.model.io.DefaultModelReader.read(DefaultModelReader.java:96)
	at org.apache.maven.model.io.DefaultModelReader.read(DefaultModelReader.java:74)
	at org.eclipse.m2e.core.internal.IMavenToolbox.readModel(IMavenToolbox.java:234)
	... 24 common frames omitted
Caused by: org.codehaus.plexus.util.xml.pull.XmlPullParserException: end tag name </dependencies> must match start tag name <project> from line 3 (position: TEXT seen ...</plugins>\r\n  </build>\r\n</dependencies>... @37:16) 
	at org.codehaus.plexus.util.xml.pull.MXParser.parseEndTag(MXParser.java:2151)
	at org.codehaus.plexus.util.xml.pull.MXParser.nextImpl(MXParser.java:1418)
	at org.codehaus.plexus.util.xml.pull.MXParser.next(MXParser.java:1375)
	at org.codehaus.plexus.util.xml.pull.MXParser.nextTag(MXParser.java:1360)
	at org.apache.maven.model.io.xpp3.MavenXpp3Reader.parseModel(MavenXpp3Reader.java:2155)
	at org.apache.maven.model.io.xpp3.MavenXpp3Reader.read(MavenXpp3Reader.java:623)
	at org.apache.maven.model.io.xpp3.MavenXpp3Reader.read(MavenXpp3Reader.java:654)
	at org.apache.maven.model.io.DefaultModelReader.read(DefaultModelReader.java:93)
	... 26 common frames omitted
2024-08-08 17:40:47,756 [Worker-15: Building] INFO  o.e.m.c.i.l.LifecycleMappingFactory - Using org.eclipse.m2e.jdt.JarLifecycleMapping lifecycle mapping for MavenProject: com:karate:0.0.1-SNAPSHOT @ E:\Karate\karate\pom.xml.
2024-08-08 17:40:48,665 [Worker-15: Building] INFO  o.a.m.s.f.DefaultMavenResourcesFiltering - skip non existing resourceDirectory E:\Karate\karate\src\main\resources
2024-08-08 17:40:48,669 [Worker-15: Building] INFO  o.a.m.s.f.DefaultMavenResourcesFiltering - skip non existing resourceDirectory E:\Karate\karate\src\test\resources
2024-08-08 17:42:39,165 [Worker-11: Building] INFO  o.e.m.c.i.l.LifecycleMappingFactory - Using org.eclipse.m2e.jdt.JarLifecycleMapping lifecycle mapping for MavenProject: com:karate:0.0.1-SNAPSHOT @ E:\Karate\karate\pom.xml.
2024-08-08 17:42:40,310 [Worker-11: Building] INFO  o.a.m.s.f.DefaultMavenResourcesFiltering - skip non existing resourceDirectory E:\Karate\karate\src\main\resources
2024-08-08 17:42:40,314 [Worker-11: Building] INFO  o.a.m.s.f.DefaultMavenResourcesFiltering - skip non existing resourceDirectory E:\Karate\karate\src\test\resources
2024-08-08 17:43:51,266 [Worker-11: Building] INFO  o.a.m.s.f.DefaultMavenResourcesFiltering - skip non existing resourceDirectory E:\Karate\karate\src\main\resources
2024-08-08 17:43:51,269 [Worker-11: Building] INFO  o.a.m.s.f.DefaultMavenResourcesFiltering - skip non existing resourceDirectory E:\Karate\karate\src\test\resources
2024-08-08 17:49:21,942 [Worker-20: Building] INFO  o.a.m.s.f.DefaultMavenResourcesFiltering - skip non existing resourceDirectory E:\Karate\karate\src\main\resources
2024-08-08 17:49:21,947 [Worker-20: Building] INFO  o.a.m.s.f.DefaultMavenResourcesFiltering - skip non existing resourceDirectory E:\Karate\karate\src\test\resources
2024-08-08 17:49:38,613 [Worker-0: Loading available Gradle versions] INFO  o.e.b.c.i.u.g.PublishedGradleVersions - Gradle version information cache is up-to-date. Trying to read.
2024-08-08 17:56:58,228 [Worker-22: Building] INFO  o.a.m.s.f.DefaultMavenResourcesFiltering - skip non existing resourceDirectory E:\Karate\karate\src\main\resources
2024-08-08 17:56:58,235 [Worker-22: Building] INFO  o.a.m.s.f.DefaultMavenResourcesFiltering - skip non existing resourceDirectory E:\Karate\karate\src\test\resources
2024-08-08 17:57:53,343 [Worker-25: Building] INFO  o.a.m.s.f.DefaultMavenResourcesFiltering - skip non existing resourceDirectory E:\Karate\karate\src\main\resources
2024-08-08 17:57:53,347 [Worker-25: Building] INFO  o.a.m.s.f.DefaultMavenResourcesFiltering - skip non existing resourceDirectory E:\Karate\karate\src\test\resources
2024-08-08 17:58:03,683 [Start Help Server] INFO  org.eclipse.jetty.server.Server - jetty-12.0.5; built: 2023-12-18T14:06:32.502Z; git: 3aed62e4959bb8c01f5975fe81e078e3ff626126; jvm 17.0.10+7
2024-08-08 17:58:03,753 [Start Help Server] INFO  o.e.j.server.handler.ContextHandler - Started oeje8n.ContextHandler$CoreContextHandler@1d32d11d{/help,/help,b=null,a=AVAILABLE,h=oeje8n.ContextHandler$CoreContextHandler$CoreToNestedHandler@48445cad{STARTED}}
2024-08-08 17:58:03,754 [Start Help Server] INFO  o.e.j.s.DefaultSessionIdManager - Session workerName=node0
2024-08-08 17:58:03,783 [Start Help Server] INFO  o.e.jetty.server.AbstractConnector - Started ServerConnector@5260a29a{HTTP/1.1, (http/1.1)}{127.0.0.1:53932}
2024-08-08 17:58:03,792 [Start Help Server] INFO  org.eclipse.jetty.server.Server - Started oejs.Server@69d0244f{STARTING}[12.0.5,sto=0] @519252ms
2024-08-08 17:58:11,994 [Worker-24: Launching Runner] INFO  o.a.m.s.f.DefaultMavenResourcesFiltering - skip non existing resourceDirectory E:\Karate\karate\src\main\resources
2024-08-08 17:58:11,999 [Worker-24: Launching Runner] INFO  o.a.m.s.f.DefaultMavenResourcesFiltering - skip non existing resourceDirectory E:\Karate\karate\src\test\resources
2024-08-08 17:58:12,375 [Worker-24: Launching Runner] INFO  o.e.m.c.i.e.AbstractTransferListenerAdapter - Downloading https://repo.maven.apache.org/maven2/org/junit/platform/junit-platform-launcher/1.9.3/junit-platform-launcher-1.9.3.jar
2024-08-08 17:58:12,415 [Worker-24: Launching Runner] INFO  o.e.m.c.i.e.AbstractTransferListenerAdapter - Downloaded https://repo.maven.apache.org/maven2/org/junit/platform/junit-platform-launcher/1.9.3/junit-platform-launcher-1.9.3.jar
2024-08-08 18:08:31,600 [Worker-8: Building] INFO  o.a.m.s.f.DefaultMavenResourcesFiltering - skip non existing resourceDirectory E:\Karate\karate\src\main\resources
2024-08-08 18:08:31,608 [Worker-8: Building] INFO  o.a.m.s.f.DefaultMavenResourcesFiltering - skip non existing resourceDirectory E:\Karate\karate\src\test\resources
2024-08-08 18:09:31,293 [Worker-26: Building] INFO  o.a.m.s.f.DefaultMavenResourcesFiltering - skip non existing resourceDirectory E:\Karate\karate\src\main\resources
2024-08-08 18:09:31,298 [Worker-26: Building] INFO  o.a.m.s.f.DefaultMavenResourcesFiltering - skip non existing resourceDirectory E:\Karate\karate\src\test\resources
2024-08-08 18:09:54,603 [Worker-24: Building] INFO  o.a.m.s.f.DefaultMavenResourcesFiltering - skip non existing resourceDirectory E:\Karate\karate\src\main\resources
2024-08-08 18:09:54,608 [Worker-24: Building] INFO  o.a.m.s.f.DefaultMavenResourcesFiltering - skip non existing resourceDirectory E:\Karate\karate\src\test\resources
2024-08-08 18:10:37,348 [Worker-27: Building] INFO  o.a.m.s.f.DefaultMavenResourcesFiltering - skip non existing resourceDirectory E:\Karate\karate\src\main\resources
2024-08-08 18:10:37,354 [Worker-27: Building] INFO  o.a.m.s.f.DefaultMavenResourcesFiltering - skip non existing resourceDirectory E:\Karate\karate\src\test\resources
2024-08-08 18:11:25,152 [Worker-24: Building] INFO  o.a.m.s.f.DefaultMavenResourcesFiltering - skip non existing resourceDirectory E:\Karate\karate\src\main\resources
2024-08-08 18:11:25,162 [Worker-24: Building] INFO  o.a.m.s.f.DefaultMavenResourcesFiltering - skip non existing resourceDirectory E:\Karate\karate\src\test\resources
2024-08-08 18:12:41,899 [Worker-28: Launching Runner] INFO  o.a.m.s.f.DefaultMavenResourcesFiltering - skip non existing resourceDirectory E:\Karate\karate\src\main\resources
2024-08-08 18:12:41,903 [Worker-28: Launching Runner] INFO  o.a.m.s.f.DefaultMavenResourcesFiltering - skip non existing resourceDirectory E:\Karate\karate\src\test\resources
2024-08-08 18:23:33,770 [Worker-24: Building] INFO  o.a.m.s.f.DefaultMavenResourcesFiltering - skip non existing resourceDirectory E:\Karate\karate\src\main\resources
2024-08-08 18:23:33,773 [Worker-24: Building] INFO  o.a.m.s.f.DefaultMavenResourcesFiltering - skip non existing resourceDirectory E:\Karate\karate\src\test\resources
2024-08-08 18:24:29,456 [Worker-31: Building] INFO  o.a.m.s.f.DefaultMavenResourcesFiltering - skip non existing resourceDirectory E:\Karate\karate\src\main\resources
2024-08-08 18:24:29,460 [Worker-31: Building] INFO  o.a.m.s.f.DefaultMavenResourcesFiltering - skip non existing resourceDirectory E:\Karate\karate\src\test\resources
2024-08-08 18:38:52,278 [Worker-27: Building] INFO  o.a.m.s.f.DefaultMavenResourcesFiltering - skip non existing resourceDirectory E:\Karate\karate\src\main\resources
2024-08-08 18:38:52,282 [Worker-27: Building] INFO  o.a.m.s.f.DefaultMavenResourcesFiltering - skip non existing resourceDirectory E:\Karate\karate\src\test\resources
2024-08-08 18:40:22,184 [Worker-31: Building] INFO  o.a.m.s.f.DefaultMavenResourcesFiltering - skip non existing resourceDirectory E:\Karate\karate\src\main\resources
2024-08-08 18:40:22,190 [Worker-31: Building] INFO  o.a.m.s.f.DefaultMavenResourcesFiltering - skip non existing resourceDirectory E:\Karate\karate\src\test\resources
2024-08-08 18:43:06,055 [Worker-31: Building] INFO  o.a.m.s.f.DefaultMavenResourcesFiltering - skip non existing resourceDirectory E:\Karate\karate\src\main\resources
2024-08-08 18:43:06,058 [Worker-31: Building] INFO  o.a.m.s.f.DefaultMavenResourcesFiltering - skip non existing resourceDirectory E:\Karate\karate\src\test\resources
2024-08-08 18:43:31,201 [Worker-36: Building] INFO  o.a.m.s.f.DefaultMavenResourcesFiltering - skip non existing resourceDirectory E:\Karate\karate\src\main\resources
2024-08-08 18:43:31,204 [Worker-36: Building] INFO  o.a.m.s.f.DefaultMavenResourcesFiltering - skip non existing resourceDirectory E:\Karate\karate\src\test\resources
2024-08-08 18:45:08,690 [Worker-33: Building] INFO  o.a.m.s.f.DefaultMavenResourcesFiltering - skip non existing resourceDirectory E:\Karate\karate\src\main\resources
2024-08-08 18:45:08,694 [Worker-33: Building] INFO  o.a.m.s.f.DefaultMavenResourcesFiltering - skip non existing resourceDirectory E:\Karate\karate\src\test\resources
2024-08-08 18:46:45,393 [Worker-31: Building] INFO  o.a.m.s.f.DefaultMavenResourcesFiltering - skip non existing resourceDirectory E:\Karate\karate\src\main\resources
2024-08-08 18:46:45,397 [Worker-31: Building] INFO  o.a.m.s.f.DefaultMavenResourcesFiltering - skip non existing resourceDirectory E:\Karate\karate\src\test\resources
2024-08-08 18:52:51,378 [Worker-39: Launching Runner] INFO  o.a.m.s.f.DefaultMavenResourcesFiltering - skip non existing resourceDirectory E:\Karate\karate\src\main\resources
2024-08-08 18:52:51,382 [Worker-39: Launching Runner] INFO  o.a.m.s.f.DefaultMavenResourcesFiltering - skip non existing resourceDirectory E:\Karate\karate\src\test\resources
2024-08-08 19:09:15,406 [Worker-37: Building] INFO  o.a.m.s.f.DefaultMavenResourcesFiltering - skip non existing resourceDirectory E:\Karate\karate\src\main\resources
2024-08-08 19:09:15,408 [Worker-37: Building] INFO  o.a.m.s.f.DefaultMavenResourcesFiltering - skip non existing resourceDirectory E:\Karate\karate\src\test\resources
2024-08-08 19:16:36,187 [Worker-46: Building] INFO  o.a.m.s.f.DefaultMavenResourcesFiltering - skip non existing resourceDirectory E:\Karate\karate\src\main\resources
2024-08-08 19:16:36,190 [Worker-46: Building] INFO  o.a.m.s.f.DefaultMavenResourcesFiltering - skip non existing resourceDirectory E:\Karate\karate\src\test\resources
2024-08-08 19:18:12,771 [Worker-46: Building] INFO  o.a.m.s.f.DefaultMavenResourcesFiltering - skip non existing resourceDirectory E:\Karate\karate\src\main\resources
2024-08-08 19:18:12,775 [Worker-46: Building] INFO  o.a.m.s.f.DefaultMavenResourcesFiltering - skip non existing resourceDirectory E:\Karate\karate\src\test\resources
2024-08-08 19:19:24,247 [Worker-46: Building] INFO  o.a.m.s.f.DefaultMavenResourcesFiltering - skip non existing resourceDirectory E:\Karate\karate\src\main\resources
2024-08-08 19:19:24,250 [Worker-46: Building] INFO  o.a.m.s.f.DefaultMavenResourcesFiltering - skip non existing resourceDirectory E:\Karate\karate\src\test\resources
2024-08-08 19:22:30,803 [Worker-51: Building] INFO  o.a.m.s.f.DefaultMavenResourcesFiltering - skip non existing resourceDirectory E:\Karate\karate\src\main\resources
2024-08-08 19:22:30,805 [Worker-51: Building] INFO  o.a.m.s.f.DefaultMavenResourcesFiltering - skip non existing resourceDirectory E:\Karate\karate\src\test\resources
2024-08-08 19:25:23,514 [Worker-51: Building] INFO  o.a.m.s.f.DefaultMavenResourcesFiltering - skip non existing resourceDirectory E:\Karate\karate\src\main\resources
2024-08-08 19:25:23,518 [Worker-51: Building] INFO  o.a.m.s.f.DefaultMavenResourcesFiltering - skip non existing resourceDirectory E:\Karate\karate\src\test\resources
2024-08-08 19:26:15,239 [Worker-51: Building] INFO  o.a.m.s.f.DefaultMavenResourcesFiltering - skip non existing resourceDirectory E:\Karate\karate\src\main\resources
2024-08-08 19:26:15,242 [Worker-51: Building] INFO  o.a.m.s.f.DefaultMavenResourcesFiltering - skip non existing resourceDirectory E:\Karate\karate\src\test\resources
2024-08-08 19:26:33,972 [Worker-51: Building] INFO  o.a.m.s.f.DefaultMavenResourcesFiltering - skip non existing resourceDirectory E:\Karate\karate\src\main\resources
2024-08-08 19:26:33,975 [Worker-51: Building] INFO  o.a.m.s.f.DefaultMavenResourcesFiltering - skip non existing resourceDirectory E:\Karate\karate\src\test\resources
2024-08-08 19:29:37,423 [Worker-52: Building] INFO  o.a.m.s.f.DefaultMavenResourcesFiltering - skip non existing resourceDirectory E:\Karate\karate\src\main\resources
2024-08-08 19:29:37,426 [Worker-52: Building] INFO  o.a.m.s.f.DefaultMavenResourcesFiltering - skip non existing resourceDirectory E:\Karate\karate\src\test\resources
2024-08-08 19:30:05,779 [Worker-51: Building] INFO  o.a.m.s.f.DefaultMavenResourcesFiltering - skip non existing resourceDirectory E:\Karate\karate\src\main\resources
2024-08-08 19:30:05,808 [Worker-51: Building] INFO  o.a.m.s.f.DefaultMavenResourcesFiltering - skip non existing resourceDirectory E:\Karate\karate\src\test\resources
2024-08-08 19:31:01,244 [Worker-51: Building] INFO  o.a.m.s.f.DefaultMavenResourcesFiltering - skip non existing resourceDirectory E:\Karate\karate\src\main\resources
2024-08-08 19:31:01,247 [Worker-51: Building] INFO  o.a.m.s.f.DefaultMavenResourcesFiltering - skip non existing resourceDirectory E:\Karate\karate\src\test\resources
2024-08-08 19:31:23,724 [Worker-52: Building] INFO  o.a.m.s.f.DefaultMavenResourcesFiltering - skip non existing resourceDirectory E:\Karate\karate\src\main\resources
2024-08-08 19:31:23,727 [Worker-52: Building] INFO  o.a.m.s.f.DefaultMavenResourcesFiltering - skip non existing resourceDirectory E:\Karate\karate\src\test\resources
2024-08-08 19:34:08,552 [Worker-52: Building Workspace] INFO  o.a.m.s.f.DefaultMavenResourcesFiltering - skip non existing resourceDirectory E:\Karate\karate\src\main\resources
2024-08-08 19:34:08,555 [Worker-52: Building Workspace] INFO  o.a.m.s.f.DefaultMavenResourcesFiltering - skip non existing resourceDirectory E:\Karate\karate\src\test\resources
2024-08-08 19:34:31,814 [Worker-50: Building] INFO  o.a.m.s.f.DefaultMavenResourcesFiltering - skip non existing resourceDirectory E:\Karate\karate\src\main\resources
2024-08-08 19:34:31,817 [Worker-50: Building] INFO  o.a.m.s.f.DefaultMavenResourcesFiltering - skip non existing resourceDirectory E:\Karate\karate\src\test\resources
2024-08-08 19:35:10,165 [Worker-52: Building Workspace] INFO  o.a.m.s.f.DefaultMavenResourcesFiltering - skip non existing resourceDirectory E:\Karate\karate\src\main\resources
2024-08-08 19:35:10,167 [Worker-52: Building Workspace] INFO  o.a.m.s.f.DefaultMavenResourcesFiltering - skip non existing resourceDirectory E:\Karate\karate\src\test\resources
2024-08-08 19:36:07,329 [Worker-55: Building] INFO  o.a.m.s.f.DefaultMavenResourcesFiltering - skip non existing resourceDirectory E:\Karate\karate\src\main\resources
2024-08-08 19:36:07,332 [Worker-55: Building] INFO  o.a.m.s.f.DefaultMavenResourcesFiltering - skip non existing resourceDirectory E:\Karate\karate\src\test\resources
2024-08-08 19:36:34,875 [Worker-51: Building] INFO  o.a.m.s.f.DefaultMavenResourcesFiltering - skip non existing resourceDirectory E:\Karate\karate\src\main\resources
2024-08-08 19:36:34,877 [Worker-51: Building] INFO  o.a.m.s.f.DefaultMavenResourcesFiltering - skip non existing resourceDirectory E:\Karate\karate\src\test\resources
2024-08-08 19:37:30,651 [Worker-37: Building] INFO  o.a.m.s.f.DefaultMavenResourcesFiltering - skip non existing resourceDirectory E:\Karate\karate\src\main\resources
2024-08-08 19:37:30,654 [Worker-37: Building] INFO  o.a.m.s.f.DefaultMavenResourcesFiltering - skip non existing resourceDirectory E:\Karate\karate\src\test\resources
2024-08-08 19:38:27,549 [Worker-54: Building] INFO  o.a.m.s.f.DefaultMavenResourcesFiltering - skip non existing resourceDirectory E:\Karate\karate\src\main\resources
2024-08-08 19:38:27,552 [Worker-54: Building] INFO  o.a.m.s.f.DefaultMavenResourcesFiltering - skip non existing resourceDirectory E:\Karate\karate\src\test\resources
2024-08-08 19:39:36,997 [Worker-54: Building] INFO  o.a.m.s.f.DefaultMavenResourcesFiltering - skip non existing resourceDirectory E:\Karate\karate\src\main\resources
2024-08-08 19:39:36,999 [Worker-54: Building] INFO  o.a.m.s.f.DefaultMavenResourcesFiltering - skip non existing resourceDirectory E:\Karate\karate\src\test\resources
2024-08-08 19:40:03,676 [Worker-51: Building] INFO  o.a.m.s.f.DefaultMavenResourcesFiltering - skip non existing resourceDirectory E:\Karate\karate\src\main\resources
2024-08-08 19:40:03,679 [Worker-51: Building] INFO  o.a.m.s.f.DefaultMavenResourcesFiltering - skip non existing resourceDirectory E:\Karate\karate\src\test\resources
2024-08-08 19:43:18,623 [Worker-53: Building] INFO  o.a.m.s.f.DefaultMavenResourcesFiltering - skip non existing resourceDirectory E:\Karate\karate\src\main\resources
2024-08-08 19:43:18,625 [Worker-53: Building] INFO  o.a.m.s.f.DefaultMavenResourcesFiltering - skip non existing resourceDirectory E:\Karate\karate\src\test\resources
2024-08-08 19:44:47,042 [Worker-52: Building] INFO  o.a.m.s.f.DefaultMavenResourcesFiltering - skip non existing resourceDirectory E:\Karate\karate\src\main\resources
2024-08-08 19:44:47,044 [Worker-52: Building] INFO  o.a.m.s.f.DefaultMavenResourcesFiltering - skip non existing resourceDirectory E:\Karate\karate\src\test\resources
2024-08-08 19:55:11,210 [Stop Help Server] INFO  org.eclipse.jetty.server.Server - Stopped oejs.Server@69d0244f{STOPPING}[12.0.5,sto=0]
2024-08-08 19:55:11,223 [Stop Help Server] INFO  o.e.jetty.server.AbstractConnector - Stopped ServerConnector@5260a29a{HTTP/1.1, (http/1.1)}{127.0.0.1:0}
2024-08-08 21:20:42,767 [Worker-6: Loading available Gradle versions] INFO  o.e.b.c.i.u.g.PublishedGradleVersions - Gradle version information cache is up-to-date. Trying to read.
2024-08-08 21:23:19,986 [Worker-0: Launching Runner] INFO  o.a.m.s.f.DefaultMavenResourcesFiltering - skip non existing resourceDirectory E:\Karate\karate\src\main\resources
2024-08-08 21:23:19,991 [Worker-0: Launching Runner] INFO  o.a.m.s.f.DefaultMavenResourcesFiltering - skip non existing resourceDirectory E:\Karate\karate\src\test\resources
2024-08-08 21:25:47,975 [Worker-4: Building] INFO  o.a.m.s.f.DefaultMavenResourcesFiltering - skip non existing resourceDirectory E:\Karate\karate\src\main\resources
2024-08-08 21:25:47,979 [Worker-4: Building] INFO  o.a.m.s.f.DefaultMavenResourcesFiltering - skip non existing resourceDirectory E:\Karate\karate\src\test\resources
2024-08-08 21:41:35,861 [Worker-0: Building] INFO  o.a.m.s.f.DefaultMavenResourcesFiltering - skip non existing resourceDirectory E:\Karate\karate\src\main\resources
2024-08-08 21:41:35,867 [Worker-0: Building] INFO  o.a.m.s.f.DefaultMavenResourcesFiltering - skip non existing resourceDirectory E:\Karate\karate\src\test\resources
2024-08-08 21:41:39,507 [Worker-0: Building] INFO  o.a.m.s.f.DefaultMavenResourcesFiltering - skip non existing resourceDirectory E:\Karate\karate\src\main\resources
2024-08-08 21:41:39,516 [Worker-0: Building] INFO  o.a.m.s.f.DefaultMavenResourcesFiltering - skip non existing resourceDirectory E:\Karate\karate\src\test\resources
2024-08-08 21:42:12,614 [Worker-13: Launching Runner] INFO  o.a.m.s.f.DefaultMavenResourcesFiltering - skip non existing resourceDirectory E:\Karate\karate\src\main\resources
2024-08-08 21:42:12,618 [Worker-13: Launching Runner] INFO  o.a.m.s.f.DefaultMavenResourcesFiltering - skip non existing resourceDirectory E:\Karate\karate\src\test\resources
2024-08-08 21:43:24,997 [Worker-15: Building] INFO  o.a.m.s.f.DefaultMavenResourcesFiltering - skip non existing resourceDirectory E:\Karate\karate\src\main\resources
2024-08-08 21:43:25,001 [Worker-15: Building] INFO  o.a.m.s.f.DefaultMavenResourcesFiltering - skip non existing resourceDirectory E:\Karate\karate\src\test\resources
2024-08-08 21:44:09,004 [Worker-17: Building] INFO  o.a.m.s.f.DefaultMavenResourcesFiltering - skip non existing resourceDirectory E:\Karate\karate\src\main\resources
2024-08-08 21:44:09,008 [Worker-17: Building] INFO  o.a.m.s.f.DefaultMavenResourcesFiltering - skip non existing resourceDirectory E:\Karate\karate\src\test\resources
2024-08-08 21:45:30,696 [Worker-17: Building] INFO  o.a.m.s.f.DefaultMavenResourcesFiltering - skip non existing resourceDirectory E:\Karate\karate\src\main\resources
2024-08-08 21:45:30,699 [Worker-17: Building] INFO  o.a.m.s.f.DefaultMavenResourcesFiltering - skip non existing resourceDirectory E:\Karate\karate\src\test\resources
2024-08-08 22:51:57,583 [Worker-16: Building] INFO  o.a.m.s.f.DefaultMavenResourcesFiltering - skip non existing resourceDirectory E:\Karate\karate\src\main\resources
2024-08-08 22:51:57,586 [Worker-16: Building] INFO  o.a.m.s.f.DefaultMavenResourcesFiltering - skip non existing resourceDirectory E:\Karate\karate\src\test\resources
2024-08-08 22:52:39,014 [Worker-21: Building] INFO  o.a.m.s.f.DefaultMavenResourcesFiltering - skip non existing resourceDirectory E:\Karate\karate\src\main\resources
2024-08-08 22:52:39,017 [Worker-21: Building] INFO  o.a.m.s.f.DefaultMavenResourcesFiltering - skip non existing resourceDirectory E:\Karate\karate\src\test\resources
2024-08-08 22:53:40,804 [Worker-24: Building] INFO  o.a.m.s.f.DefaultMavenResourcesFiltering - skip non existing resourceDirectory E:\Karate\karate\src\main\resources
2024-08-08 22:53:40,806 [Worker-24: Building] INFO  o.a.m.s.f.DefaultMavenResourcesFiltering - skip non existing resourceDirectory E:\Karate\karate\src\test\resources
2024-08-08 22:53:47,030 [Worker-5: Launching Runner] INFO  o.a.m.s.f.DefaultMavenResourcesFiltering - skip non existing resourceDirectory E:\Karate\karate\src\main\resources
2024-08-08 22:53:47,033 [Worker-5: Launching Runner] INFO  o.a.m.s.f.DefaultMavenResourcesFiltering - skip non existing resourceDirectory E:\Karate\karate\src\test\resources
2024-08-08 22:54:53,185 [Worker-24: Building] INFO  o.a.m.s.f.DefaultMavenResourcesFiltering - skip non existing resourceDirectory E:\Karate\karate\src\main\resources
2024-08-08 22:54:53,187 [Worker-24: Building] INFO  o.a.m.s.f.DefaultMavenResourcesFiltering - skip non existing resourceDirectory E:\Karate\karate\src\test\resources
2024-08-08 22:55:59,188 [Worker-5: Building] INFO  o.a.m.s.f.DefaultMavenResourcesFiltering - skip non existing resourceDirectory E:\Karate\karate\src\main\resources
2024-08-08 22:55:59,192 [Worker-5: Building] INFO  o.a.m.s.f.DefaultMavenResourcesFiltering - skip non existing resourceDirectory E:\Karate\karate\src\test\resources
2024-08-08 22:56:16,599 [Worker-23: Building] INFO  o.a.m.s.f.DefaultMavenResourcesFiltering - skip non existing resourceDirectory E:\Karate\karate\src\main\resources
2024-08-08 22:56:16,603 [Worker-23: Building] INFO  o.a.m.s.f.DefaultMavenResourcesFiltering - skip non existing resourceDirectory E:\Karate\karate\src\test\resources
2024-08-08 22:56:29,920 [Worker-24: Building] INFO  o.a.m.s.f.DefaultMavenResourcesFiltering - skip non existing resourceDirectory E:\Karate\karate\src\main\resources
2024-08-08 22:56:29,925 [Worker-24: Building] INFO  o.a.m.s.f.DefaultMavenResourcesFiltering - skip non existing resourceDirectory E:\Karate\karate\src\test\resources
2024-08-08 22:57:37,669 [Worker-21: Building] INFO  o.a.m.s.f.DefaultMavenResourcesFiltering - skip non existing resourceDirectory E:\Karate\karate\src\main\resources
2024-08-08 22:57:37,673 [Worker-21: Building] INFO  o.a.m.s.f.DefaultMavenResourcesFiltering - skip non existing resourceDirectory E:\Karate\karate\src\test\resources
2024-08-08 22:57:41,304 [Worker-25: Launching Runner] INFO  o.a.m.s.f.DefaultMavenResourcesFiltering - skip non existing resourceDirectory E:\Karate\karate\src\main\resources
2024-08-08 22:57:41,307 [Worker-25: Launching Runner] INFO  o.a.m.s.f.DefaultMavenResourcesFiltering - skip non existing resourceDirectory E:\Karate\karate\src\test\resources
2024-08-08 22:58:06,554 [Worker-16: Building] INFO  o.a.m.s.f.DefaultMavenResourcesFiltering - skip non existing resourceDirectory E:\Karate\karate\src\main\resources
2024-08-08 22:58:06,557 [Worker-16: Building] INFO  o.a.m.s.f.DefaultMavenResourcesFiltering - skip non existing resourceDirectory E:\Karate\karate\src\test\resources
2024-08-08 22:59:09,451 [Worker-23: Building] INFO  o.a.m.s.f.DefaultMavenResourcesFiltering - skip non existing resourceDirectory E:\Karate\karate\src\main\resources
2024-08-08 22:59:09,456 [Worker-23: Building] INFO  o.a.m.s.f.DefaultMavenResourcesFiltering - skip non existing resourceDirectory E:\Karate\karate\src\test\resources
2024-08-08 23:00:20,129 [Worker-16: Building] INFO  o.a.m.s.f.DefaultMavenResourcesFiltering - skip non existing resourceDirectory E:\Karate\karate\src\main\resources
2024-08-08 23:00:20,133 [Worker-16: Building] INFO  o.a.m.s.f.DefaultMavenResourcesFiltering - skip non existing resourceDirectory E:\Karate\karate\src\test\resources
2024-08-08 23:04:58,787 [Worker-5: Building] INFO  o.a.m.s.f.DefaultMavenResourcesFiltering - skip non existing resourceDirectory E:\Karate\karate\src\main\resources
2024-08-08 23:04:58,791 [Worker-5: Building] INFO  o.a.m.s.f.DefaultMavenResourcesFiltering - skip non existing resourceDirectory E:\Karate\karate\src\test\resources
2024-08-08 23:06:33,739 [Worker-26: Launching Runner] INFO  o.a.m.s.f.DefaultMavenResourcesFiltering - skip non existing resourceDirectory E:\Karate\karate\src\main\resources
2024-08-08 23:06:33,741 [Worker-26: Launching Runner] INFO  o.a.m.s.f.DefaultMavenResourcesFiltering - skip non existing resourceDirectory E:\Karate\karate\src\test\resources
2024-08-08 23:07:01,447 [Worker-21: Building] INFO  o.a.m.s.f.DefaultMavenResourcesFiltering - skip non existing resourceDirectory E:\Karate\karate\src\main\resources
2024-08-08 23:07:01,450 [Worker-21: Building] INFO  o.a.m.s.f.DefaultMavenResourcesFiltering - skip non existing resourceDirectory E:\Karate\karate\src\test\resources
2024-08-08 23:07:43,742 [Worker-24: Building] INFO  o.a.m.s.f.DefaultMavenResourcesFiltering - skip non existing resourceDirectory E:\Karate\karate\src\main\resources
2024-08-08 23:07:43,745 [Worker-24: Building] INFO  o.a.m.s.f.DefaultMavenResourcesFiltering - skip non existing resourceDirectory E:\Karate\karate\src\test\resources
2024-08-08 23:09:42,573 [Worker-24: Building] INFO  o.a.m.s.f.DefaultMavenResourcesFiltering - skip non existing resourceDirectory E:\Karate\karate\src\main\resources
2024-08-08 23:09:42,575 [Worker-24: Building] INFO  o.a.m.s.f.DefaultMavenResourcesFiltering - skip non existing resourceDirectory E:\Karate\karate\src\test\resources
2024-08-08 23:12:55,463 [Worker-5: Building] INFO  o.a.m.s.f.DefaultMavenResourcesFiltering - skip non existing resourceDirectory E:\Karate\karate\src\main\resources
2024-08-08 23:12:55,467 [Worker-5: Building] INFO  o.a.m.s.f.DefaultMavenResourcesFiltering - skip non existing resourceDirectory E:\Karate\karate\src\test\resources
2024-08-08 23:13:40,396 [Worker-28: Building] INFO  o.a.m.s.f.DefaultMavenResourcesFiltering - skip non existing resourceDirectory E:\Karate\karate\src\main\resources
2024-08-08 23:13:40,398 [Worker-28: Building] INFO  o.a.m.s.f.DefaultMavenResourcesFiltering - skip non existing resourceDirectory E:\Karate\karate\src\test\resources
2024-08-08 23:13:43,545 [Worker-21: Launching Runner] INFO  o.a.m.s.f.DefaultMavenResourcesFiltering - skip non existing resourceDirectory E:\Karate\karate\src\main\resources
2024-08-08 23:13:43,548 [Worker-21: Launching Runner] INFO  o.a.m.s.f.DefaultMavenResourcesFiltering - skip non existing resourceDirectory E:\Karate\karate\src\test\resources
2024-08-08 23:15:41,243 [Worker-5: Building] INFO  o.a.m.s.f.DefaultMavenResourcesFiltering - skip non existing resourceDirectory E:\Karate\karate\src\main\resources
2024-08-08 23:15:41,246 [Worker-5: Building] INFO  o.a.m.s.f.DefaultMavenResourcesFiltering - skip non existing resourceDirectory E:\Karate\karate\src\test\resources
2024-08-08 23:17:13,579 [Worker-21: Building] INFO  o.a.m.s.f.DefaultMavenResourcesFiltering - skip non existing resourceDirectory E:\Karate\karate\src\main\resources
2024-08-08 23:17:13,582 [Worker-21: Building] INFO  o.a.m.s.f.DefaultMavenResourcesFiltering - skip non existing resourceDirectory E:\Karate\karate\src\test\resources
2024-08-08 23:17:26,276 [Worker-5: Building] INFO  o.a.m.s.f.DefaultMavenResourcesFiltering - skip non existing resourceDirectory E:\Karate\karate\src\main\resources
2024-08-08 23:17:26,278 [Worker-5: Building] INFO  o.a.m.s.f.DefaultMavenResourcesFiltering - skip non existing resourceDirectory E:\Karate\karate\src\test\resources
2024-08-08 23:22:47,689 [Worker-21: Building] INFO  o.a.m.s.f.DefaultMavenResourcesFiltering - skip non existing resourceDirectory E:\Karate\karate\src\main\resources
2024-08-08 23:22:47,692 [Worker-21: Building] INFO  o.a.m.s.f.DefaultMavenResourcesFiltering - skip non existing resourceDirectory E:\Karate\karate\src\test\resources
2024-08-08 23:23:01,257 [Worker-21: Launching Runner] INFO  o.a.m.s.f.DefaultMavenResourcesFiltering - skip non existing resourceDirectory E:\Karate\karate\src\main\resources
2024-08-08 23:23:01,261 [Worker-21: Launching Runner] INFO  o.a.m.s.f.DefaultMavenResourcesFiltering - skip non existing resourceDirectory E:\Karate\karate\src\test\resources
2024-08-08 23:33:43,266 [Worker-31: Building] INFO  o.a.m.s.f.DefaultMavenResourcesFiltering - skip non existing resourceDirectory E:\Karate\karate\src\main\resources
2024-08-08 23:33:43,270 [Worker-31: Building] INFO  o.a.m.s.f.DefaultMavenResourcesFiltering - skip non existing resourceDirectory E:\Karate\karate\src\test\resources
2024-08-08 23:34:24,390 [Worker-35: Building] INFO  o.a.m.s.f.DefaultMavenResourcesFiltering - skip non existing resourceDirectory E:\Karate\karate\src\main\resources
2024-08-08 23:34:24,393 [Worker-35: Building] INFO  o.a.m.s.f.DefaultMavenResourcesFiltering - skip non existing resourceDirectory E:\Karate\karate\src\test\resources
2024-08-11 12:18:19,793 [Worker-0: Loading available Gradle versions] INFO  o.e.b.c.i.u.g.PublishedGradleVersions - Gradle version information cache is out-of-date. Trying to update.
2024-08-11 12:18:59,901 [Worker-8: Launching Runner] INFO  o.a.m.s.f.DefaultMavenResourcesFiltering - skip non existing resourceDirectory E:\Karate\karate\src\main\resources
2024-08-11 12:18:59,907 [Worker-8: Launching Runner] INFO  o.a.m.s.f.DefaultMavenResourcesFiltering - skip non existing resourceDirectory E:\Karate\karate\src\test\resources
2024-08-11 12:22:02,863 [Worker-0: Building] INFO  o.a.m.s.f.DefaultMavenResourcesFiltering - skip non existing resourceDirectory E:\Karate\karate\src\main\resources
2024-08-11 12:22:02,867 [Worker-0: Building] INFO  o.a.m.s.f.DefaultMavenResourcesFiltering - skip non existing resourceDirectory E:\Karate\karate\src\test\resources
2024-08-11 12:22:49,041 [Worker-8: Building] INFO  o.a.m.s.f.DefaultMavenResourcesFiltering - skip non existing resourceDirectory E:\Karate\karate\src\main\resources
2024-08-11 12:22:49,051 [Worker-8: Building] INFO  o.a.m.s.f.DefaultMavenResourcesFiltering - skip non existing resourceDirectory E:\Karate\karate\src\test\resources
2024-08-11 12:23:10,678 [Worker-7: Building] INFO  o.a.m.s.f.DefaultMavenResourcesFiltering - skip non existing resourceDirectory E:\Karate\karate\src\main\resources
2024-08-11 12:23:10,682 [Worker-7: Building] INFO  o.a.m.s.f.DefaultMavenResourcesFiltering - skip non existing resourceDirectory E:\Karate\karate\src\test\resources
2024-08-11 12:27:35,952 [Worker-4: Building] INFO  o.a.m.s.f.DefaultMavenResourcesFiltering - skip non existing resourceDirectory E:\Karate\karate\src\main\resources
2024-08-11 12:27:35,956 [Worker-4: Building] INFO  o.a.m.s.f.DefaultMavenResourcesFiltering - skip non existing resourceDirectory E:\Karate\karate\src\test\resources
2024-08-11 12:28:05,501 [Worker-13: Building] INFO  o.a.m.s.f.DefaultMavenResourcesFiltering - skip non existing resourceDirectory E:\Karate\karate\src\main\resources
2024-08-11 12:28:05,505 [Worker-13: Building] INFO  o.a.m.s.f.DefaultMavenResourcesFiltering - skip non existing resourceDirectory E:\Karate\karate\src\test\resources
2024-08-11 12:32:20,210 [Worker-3: Building] INFO  o.a.m.s.f.DefaultMavenResourcesFiltering - skip non existing resourceDirectory E:\Karate\karate\src\main\resources
2024-08-11 12:32:20,214 [Worker-3: Building] INFO  o.a.m.s.f.DefaultMavenResourcesFiltering - skip non existing resourceDirectory E:\Karate\karate\src\test\resources
2024-08-11 12:34:05,136 [Worker-3: Building] INFO  o.a.m.s.f.DefaultMavenResourcesFiltering - skip non existing resourceDirectory E:\Karate\karate\src\main\resources
2024-08-11 12:34:05,139 [Worker-3: Building] INFO  o.a.m.s.f.DefaultMavenResourcesFiltering - skip non existing resourceDirectory E:\Karate\karate\src\test\resources
2024-08-11 12:34:40,577 [Worker-3: Building] INFO  o.a.m.s.f.DefaultMavenResourcesFiltering - skip non existing resourceDirectory E:\Karate\karate\src\main\resources
2024-08-11 12:34:40,583 [Worker-3: Building] INFO  o.a.m.s.f.DefaultMavenResourcesFiltering - skip non existing resourceDirectory E:\Karate\karate\src\test\resources
2024-08-11 12:34:50,235 [Worker-4: Building] INFO  o.a.m.s.f.DefaultMavenResourcesFiltering - skip non existing resourceDirectory E:\Karate\karate\src\main\resources
2024-08-11 12:34:50,239 [Worker-4: Building] INFO  o.a.m.s.f.DefaultMavenResourcesFiltering - skip non existing resourceDirectory E:\Karate\karate\src\test\resources
2024-08-11 12:34:57,795 [Worker-7: Launching Runner] INFO  o.a.m.s.f.DefaultMavenResourcesFiltering - skip non existing resourceDirectory E:\Karate\karate\src\main\resources
2024-08-11 12:34:57,798 [Worker-7: Launching Runner] INFO  o.a.m.s.f.DefaultMavenResourcesFiltering - skip non existing resourceDirectory E:\Karate\karate\src\test\resources
2024-08-11 12:39:28,792 [Worker-3: Building] INFO  o.a.m.s.f.DefaultMavenResourcesFiltering - skip non existing resourceDirectory E:\Karate\karate\src\main\resources
2024-08-11 12:39:28,795 [Worker-3: Building] INFO  o.a.m.s.f.DefaultMavenResourcesFiltering - skip non existing resourceDirectory E:\Karate\karate\src\test\resources
2024-08-11 12:40:24,186 [Worker-7: Building] INFO  o.a.m.s.f.DefaultMavenResourcesFiltering - skip non existing resourceDirectory E:\Karate\karate\src\main\resources
2024-08-11 12:40:24,188 [Worker-7: Building] INFO  o.a.m.s.f.DefaultMavenResourcesFiltering - skip non existing resourceDirectory E:\Karate\karate\src\test\resources
2024-08-11 12:40:44,389 [Worker-16: Building] INFO  o.a.m.s.f.DefaultMavenResourcesFiltering - skip non existing resourceDirectory E:\Karate\karate\src\main\resources
2024-08-11 12:40:44,390 [Worker-16: Building] INFO  o.a.m.s.f.DefaultMavenResourcesFiltering - skip non existing resourceDirectory E:\Karate\karate\src\test\resources
2024-08-11 12:41:01,263 [Worker-16: Building] INFO  o.a.m.s.f.DefaultMavenResourcesFiltering - skip non existing resourceDirectory E:\Karate\karate\src\main\resources
2024-08-11 12:41:01,266 [Worker-16: Building] INFO  o.a.m.s.f.DefaultMavenResourcesFiltering - skip non existing resourceDirectory E:\Karate\karate\src\test\resources
2024-08-11 12:43:03,754 [Worker-3: Building] INFO  o.a.m.s.f.DefaultMavenResourcesFiltering - skip non existing resourceDirectory E:\Karate\karate\src\main\resources
2024-08-11 12:43:03,758 [Worker-3: Building] INFO  o.a.m.s.f.DefaultMavenResourcesFiltering - skip non existing resourceDirectory E:\Karate\karate\src\test\resources
2024-08-11 12:43:07,155 [Worker-16: Launching Runner] INFO  o.a.m.s.f.DefaultMavenResourcesFiltering - skip non existing resourceDirectory E:\Karate\karate\src\main\resources
2024-08-11 12:43:07,160 [Worker-16: Launching Runner] INFO  o.a.m.s.f.DefaultMavenResourcesFiltering - skip non existing resourceDirectory E:\Karate\karate\src\test\resources
2024-08-11 12:43:40,224 [Worker-8: Building] INFO  o.a.m.s.f.DefaultMavenResourcesFiltering - skip non existing resourceDirectory E:\Karate\karate\src\main\resources
2024-08-11 12:43:40,227 [Worker-8: Building] INFO  o.a.m.s.f.DefaultMavenResourcesFiltering - skip non existing resourceDirectory E:\Karate\karate\src\test\resources
2024-08-11 12:59:03,652 [Worker-10: Loading available Gradle versions] INFO  o.e.b.c.i.u.g.PublishedGradleVersions - Gradle version information cache is up-to-date. Trying to read.
2024-08-11 13:01:22,605 [Worker-4: Building] INFO  o.a.m.s.f.DefaultMavenResourcesFiltering - skip non existing resourceDirectory E:\Karate\karate\src\main\resources
2024-08-11 13:01:22,611 [Worker-4: Building] INFO  o.a.m.s.f.DefaultMavenResourcesFiltering - skip non existing resourceDirectory E:\Karate\karate\src\test\resources
2024-08-11 13:03:16,663 [Worker-0: Building] INFO  o.a.m.s.f.DefaultMavenResourcesFiltering - skip non existing resourceDirectory E:\Karate\karate\src\main\resources
2024-08-11 13:03:16,667 [Worker-0: Building] INFO  o.a.m.s.f.DefaultMavenResourcesFiltering - skip non existing resourceDirectory E:\Karate\karate\src\test\resources
2024-08-11 13:05:11,158 [Worker-10: Building] INFO  o.a.m.s.f.DefaultMavenResourcesFiltering - skip non existing resourceDirectory E:\Karate\karate\src\main\resources
2024-08-11 13:05:11,166 [Worker-10: Building] INFO  o.a.m.s.f.DefaultMavenResourcesFiltering - skip non existing resourceDirectory E:\Karate\karate\src\test\resources
2024-08-11 13:05:54,104 [Worker-6: Building] INFO  o.a.m.s.f.DefaultMavenResourcesFiltering - skip non existing resourceDirectory E:\Karate\karate\src\main\resources
2024-08-11 13:05:54,107 [Worker-6: Building] INFO  o.a.m.s.f.DefaultMavenResourcesFiltering - skip non existing resourceDirectory E:\Karate\karate\src\test\resources
2024-08-11 13:08:22,671 [Worker-12: Building] INFO  o.a.m.s.f.DefaultMavenResourcesFiltering - skip non existing resourceDirectory E:\Karate\karate\src\main\resources
2024-08-11 13:08:22,674 [Worker-12: Building] INFO  o.a.m.s.f.DefaultMavenResourcesFiltering - skip non existing resourceDirectory E:\Karate\karate\src\test\resources
2024-08-11 13:08:36,775 [Worker-6: Building] INFO  o.a.m.s.f.DefaultMavenResourcesFiltering - skip non existing resourceDirectory E:\Karate\karate\src\main\resources
2024-08-11 13:08:36,779 [Worker-6: Building] INFO  o.a.m.s.f.DefaultMavenResourcesFiltering - skip non existing resourceDirectory E:\Karate\karate\src\test\resources
2024-08-11 13:08:50,043 [Worker-0: Building] INFO  o.a.m.s.f.DefaultMavenResourcesFiltering - skip non existing resourceDirectory E:\Karate\karate\src\main\resources
2024-08-11 13:08:50,046 [Worker-0: Building] INFO  o.a.m.s.f.DefaultMavenResourcesFiltering - skip non existing resourceDirectory E:\Karate\karate\src\test\resources
2024-08-11 13:10:12,468 [Worker-0: Building] INFO  o.a.m.s.f.DefaultMavenResourcesFiltering - skip non existing resourceDirectory E:\Karate\karate\src\main\resources
2024-08-11 13:10:12,472 [Worker-0: Building] INFO  o.a.m.s.f.DefaultMavenResourcesFiltering - skip non existing resourceDirectory E:\Karate\karate\src\test\resources
2024-08-11 13:19:02,637 [Worker-0: Building] INFO  o.a.m.s.f.DefaultMavenResourcesFiltering - skip non existing resourceDirectory E:\Karate\karate\src\main\resources
2024-08-11 13:19:02,640 [Worker-0: Building] INFO  o.a.m.s.f.DefaultMavenResourcesFiltering - skip non existing resourceDirectory E:\Karate\karate\src\test\resources
2024-08-11 13:20:20,147 [Worker-0: Building] INFO  o.a.m.s.f.DefaultMavenResourcesFiltering - skip non existing resourceDirectory E:\Karate\karate\src\main\resources
2024-08-11 13:20:20,150 [Worker-0: Building] INFO  o.a.m.s.f.DefaultMavenResourcesFiltering - skip non existing resourceDirectory E:\Karate\karate\src\test\resources
2024-08-16 21:28:30,893 [Worker-0: Loading available Gradle versions] INFO  o.e.b.c.i.u.g.PublishedGradleVersions - Gradle version information cache is up-to-date. Trying to read.
2024-08-16 21:36:43,483 [Worker-3: Building] INFO  o.a.m.s.f.DefaultMavenResourcesFiltering - skip non existing resourceDirectory E:\Karate\karate\src\main\resources
2024-08-16 21:36:43,497 [Worker-3: Building] INFO  o.a.m.s.f.DefaultMavenResourcesFiltering - skip non existing resourceDirectory E:\Karate\karate\src\test\resources
2024-08-16 21:36:55,766 [Worker-16: Building] INFO  o.a.m.s.f.DefaultMavenResourcesFiltering - skip non existing resourceDirectory E:\Karate\karate\src\main\resources
2024-08-16 21:36:55,772 [Worker-16: Building] INFO  o.a.m.s.f.DefaultMavenResourcesFiltering - skip non existing resourceDirectory E:\Karate\karate\src\test\resources
2024-08-16 21:37:21,817 [Worker-4: Building] INFO  o.a.m.s.f.DefaultMavenResourcesFiltering - skip non existing resourceDirectory E:\Karate\karate\src\main\resources
2024-08-16 21:37:21,821 [Worker-4: Building] INFO  o.a.m.s.f.DefaultMavenResourcesFiltering - skip non existing resourceDirectory E:\Karate\karate\src\test\resources
2024-08-16 21:38:01,348 [Worker-7: Building] INFO  o.a.m.s.f.DefaultMavenResourcesFiltering - skip non existing resourceDirectory E:\Karate\karate\src\main\resources
2024-08-16 21:38:01,352 [Worker-7: Building] INFO  o.a.m.s.f.DefaultMavenResourcesFiltering - skip non existing resourceDirectory E:\Karate\karate\src\test\resources
2024-08-16 21:40:51,862 [Worker-3: Building] INFO  o.a.m.s.f.DefaultMavenResourcesFiltering - skip non existing resourceDirectory E:\Karate\karate\src\main\resources
2024-08-16 21:40:51,866 [Worker-3: Building] INFO  o.a.m.s.f.DefaultMavenResourcesFiltering - skip non existing resourceDirectory E:\Karate\karate\src\test\resources
2024-08-16 21:41:07,705 [Worker-7: Building] INFO  o.a.m.s.f.DefaultMavenResourcesFiltering - skip non existing resourceDirectory E:\Karate\karate\src\main\resources
2024-08-16 21:41:07,709 [Worker-7: Building] INFO  o.a.m.s.f.DefaultMavenResourcesFiltering - skip non existing resourceDirectory E:\Karate\karate\src\test\resources
2024-08-16 21:42:26,525 [Worker-7: Building] INFO  o.a.m.s.f.DefaultMavenResourcesFiltering - skip non existing resourceDirectory E:\Karate\karate\src\main\resources
2024-08-16 21:42:26,528 [Worker-7: Building] INFO  o.a.m.s.f.DefaultMavenResourcesFiltering - skip non existing resourceDirectory E:\Karate\karate\src\test\resources
2024-08-16 23:15:49,711 [Worker-26: Launching Runner] INFO  o.a.m.s.f.DefaultMavenResourcesFiltering - skip non existing resourceDirectory E:\Karate\karate\src\main\resources
2024-08-16 23:15:49,715 [Worker-26: Launching Runner] INFO  o.a.m.s.f.DefaultMavenResourcesFiltering - skip non existing resourceDirectory E:\Karate\karate\src\test\resources
2024-08-16 23:16:30,204 [Worker-26: Building] INFO  o.a.m.s.f.DefaultMavenResourcesFiltering - skip non existing resourceDirectory E:\Karate\karate\src\main\resources
2024-08-16 23:16:30,207 [Worker-26: Building] INFO  o.a.m.s.f.DefaultMavenResourcesFiltering - skip non existing resourceDirectory E:\Karate\karate\src\test\resources
2024-08-16 23:17:10,187 [Worker-23: Building] INFO  o.a.m.s.f.DefaultMavenResourcesFiltering - skip non existing resourceDirectory E:\Karate\karate\src\main\resources
2024-08-16 23:17:10,191 [Worker-23: Building] INFO  o.a.m.s.f.DefaultMavenResourcesFiltering - skip non existing resourceDirectory E:\Karate\karate\src\test\resources
2024-08-16 23:18:29,931 [Worker-25: Launching Runner] INFO  o.a.m.s.f.DefaultMavenResourcesFiltering - skip non existing resourceDirectory E:\Karate\karate\src\main\resources
2024-08-16 23:18:29,934 [Worker-25: Launching Runner] INFO  o.a.m.s.f.DefaultMavenResourcesFiltering - skip non existing resourceDirectory E:\Karate\karate\src\test\resources
2024-08-16 23:20:01,407 [Worker-23: Launching Runner] INFO  o.a.m.s.f.DefaultMavenResourcesFiltering - skip non existing resourceDirectory E:\Karate\karate\src\main\resources
2024-08-16 23:20:01,410 [Worker-23: Launching Runner] INFO  o.a.m.s.f.DefaultMavenResourcesFiltering - skip non existing resourceDirectory E:\Karate\karate\src\test\resources
2024-08-16 23:20:52,123 [Worker-25: Building] INFO  o.a.m.s.f.DefaultMavenResourcesFiltering - skip non existing resourceDirectory E:\Karate\karate\src\main\resources
2024-08-16 23:20:52,126 [Worker-25: Building] INFO  o.a.m.s.f.DefaultMavenResourcesFiltering - skip non existing resourceDirectory E:\Karate\karate\src\test\resources
2024-08-16 23:21:23,996 [Worker-15: Building] INFO  o.a.m.s.f.DefaultMavenResourcesFiltering - skip non existing resourceDirectory E:\Karate\karate\src\main\resources
2024-08-16 23:21:23,999 [Worker-15: Building] INFO  o.a.m.s.f.DefaultMavenResourcesFiltering - skip non existing resourceDirectory E:\Karate\karate\src\test\resources
2024-08-16 23:21:56,125 [Worker-27: Building] INFO  o.a.m.s.f.DefaultMavenResourcesFiltering - skip non existing resourceDirectory E:\Karate\karate\src\main\resources
2024-08-16 23:21:56,129 [Worker-27: Building] INFO  o.a.m.s.f.DefaultMavenResourcesFiltering - skip non existing resourceDirectory E:\Karate\karate\src\test\resources
2024-08-16 23:22:28,241 [Worker-27: Launching Runner] INFO  o.a.m.s.f.DefaultMavenResourcesFiltering - skip non existing resourceDirectory E:\Karate\karate\src\main\resources
2024-08-16 23:22:28,245 [Worker-27: Launching Runner] INFO  o.a.m.s.f.DefaultMavenResourcesFiltering - skip non existing resourceDirectory E:\Karate\karate\src\test\resources
2024-08-16 23:22:54,810 [Worker-27: Building] INFO  o.a.m.s.f.DefaultMavenResourcesFiltering - skip non existing resourceDirectory E:\Karate\karate\src\main\resources
2024-08-16 23:22:54,813 [Worker-27: Building] INFO  o.a.m.s.f.DefaultMavenResourcesFiltering - skip non existing resourceDirectory E:\Karate\karate\src\test\resources
2024-08-16 23:23:41,042 [Worker-23: Building] INFO  o.a.m.s.f.DefaultMavenResourcesFiltering - skip non existing resourceDirectory E:\Karate\karate\src\main\resources
2024-08-16 23:23:41,044 [Worker-23: Building] INFO  o.a.m.s.f.DefaultMavenResourcesFiltering - skip non existing resourceDirectory E:\Karate\karate\src\test\resources
2024-08-16 23:31:04,244 [Worker-29: Launching Runner] INFO  o.a.m.s.f.DefaultMavenResourcesFiltering - skip non existing resourceDirectory E:\Karate\karate\src\main\resources
2024-08-16 23:31:04,248 [Worker-29: Launching Runner] INFO  o.a.m.s.f.DefaultMavenResourcesFiltering - skip non existing resourceDirectory E:\Karate\karate\src\test\resources
2024-08-16 23:32:31,211 [Worker-15: Launching Runner] INFO  o.a.m.s.f.DefaultMavenResourcesFiltering - skip non existing resourceDirectory E:\Karate\karate\src\main\resources
2024-08-16 23:32:31,214 [Worker-15: Launching Runner] INFO  o.a.m.s.f.DefaultMavenResourcesFiltering - skip non existing resourceDirectory E:\Karate\karate\src\test\resources
2024-08-17 20:01:24,756 [Worker-9: Building] INFO  o.a.m.s.f.DefaultMavenResourcesFiltering - skip non existing resourceDirectory E:\Karate\karate\src\main\resources
2024-08-17 20:01:24,766 [Worker-9: Building] INFO  o.a.m.s.f.DefaultMavenResourcesFiltering - skip non existing resourceDirectory E:\Karate\karate\src\test\resources
2024-08-17 20:01:29,664 [Worker-1: Building] INFO  o.a.m.s.f.DefaultMavenResourcesFiltering - skip non existing resourceDirectory E:\Karate\karate\src\main\resources
2024-08-17 20:01:29,669 [Worker-1: Building] INFO  o.a.m.s.f.DefaultMavenResourcesFiltering - skip non existing resourceDirectory E:\Karate\karate\src\test\resources
2024-08-17 20:01:30,971 [Worker-2: Loading available Gradle versions] INFO  o.e.b.c.i.u.g.PublishedGradleVersions - Gradle version information cache is out-of-date. Trying to update.
2024-08-17 20:08:15,954 [Worker-1: Building] INFO  o.a.m.s.f.DefaultMavenResourcesFiltering - skip non existing resourceDirectory E:\Karate\karate\src\main\resources
2024-08-17 20:08:15,958 [Worker-1: Building] INFO  o.a.m.s.f.DefaultMavenResourcesFiltering - skip non existing resourceDirectory E:\Karate\karate\src\test\resources
2024-08-17 20:08:29,057 [Start Help Server] INFO  org.eclipse.jetty.server.Server - jetty-12.0.5; built: 2023-12-18T14:06:32.502Z; git: 3aed62e4959bb8c01f5975fe81e078e3ff626126; jvm 17.0.10+7
2024-08-17 20:08:29,132 [Start Help Server] INFO  o.e.j.server.handler.ContextHandler - Started oeje8n.ContextHandler$CoreContextHandler@1927aed5{/help,/help,b=null,a=AVAILABLE,h=oeje8n.ContextHandler$CoreContextHandler$CoreToNestedHandler@5b4ad617{STARTED}}
2024-08-17 20:08:29,133 [Start Help Server] INFO  o.e.j.s.DefaultSessionIdManager - Session workerName=node0
2024-08-17 20:08:29,165 [Start Help Server] INFO  o.e.jetty.server.AbstractConnector - Started ServerConnector@3bd788d3{HTTP/1.1, (http/1.1)}{127.0.0.1:64441}
2024-08-17 20:08:29,173 [Start Help Server] INFO  org.eclipse.jetty.server.Server - Started oejs.Server@63aa18b1{STARTING}[12.0.5,sto=0] @855100ms
2024-08-17 20:09:36,669 [Worker-9: Building] INFO  o.a.m.s.f.DefaultMavenResourcesFiltering - skip non existing resourceDirectory E:\Karate\karate\src\main\resources
2024-08-17 20:09:36,673 [Worker-9: Building] INFO  o.a.m.s.f.DefaultMavenResourcesFiltering - skip non existing resourceDirectory E:\Karate\karate\src\test\resources
2024-08-17 20:09:59,945 [Worker-11: Building] INFO  o.a.m.s.f.DefaultMavenResourcesFiltering - skip non existing resourceDirectory E:\Karate\karate\src\main\resources
2024-08-17 20:09:59,948 [Worker-11: Building] INFO  o.a.m.s.f.DefaultMavenResourcesFiltering - skip non existing resourceDirectory E:\Karate\karate\src\test\resources
2024-08-17 20:10:11,268 [Worker-11: Building] INFO  o.a.m.s.f.DefaultMavenResourcesFiltering - skip non existing resourceDirectory E:\Karate\karate\src\main\resources
2024-08-17 20:10:11,271 [Worker-11: Building] INFO  o.a.m.s.f.DefaultMavenResourcesFiltering - skip non existing resourceDirectory E:\Karate\karate\src\test\resources
2024-08-17 20:11:25,200 [Worker-11: Building] INFO  o.a.m.s.f.DefaultMavenResourcesFiltering - skip non existing resourceDirectory E:\Karate\karate\src\main\resources
2024-08-17 20:11:25,206 [Worker-11: Building] INFO  o.a.m.s.f.DefaultMavenResourcesFiltering - skip non existing resourceDirectory E:\Karate\karate\src\test\resources
2024-08-17 20:12:02,431 [Worker-2: Building] INFO  o.a.m.s.f.DefaultMavenResourcesFiltering - skip non existing resourceDirectory E:\Karate\karate\src\main\resources
2024-08-17 20:12:02,436 [Worker-2: Building] INFO  o.a.m.s.f.DefaultMavenResourcesFiltering - skip non existing resourceDirectory E:\Karate\karate\src\test\resources
2024-08-17 20:20:58,385 [Worker-12: Building] INFO  o.a.m.s.f.DefaultMavenResourcesFiltering - skip non existing resourceDirectory E:\Karate\karate\src\main\resources
2024-08-17 20:20:58,388 [Worker-12: Building] INFO  o.a.m.s.f.DefaultMavenResourcesFiltering - skip non existing resourceDirectory E:\Karate\karate\src\test\resources
2024-08-17 20:21:49,358 [Worker-1: Building] INFO  o.a.m.s.f.DefaultMavenResourcesFiltering - skip non existing resourceDirectory E:\Karate\karate\src\main\resources
2024-08-17 20:21:49,363 [Worker-1: Building] INFO  o.a.m.s.f.DefaultMavenResourcesFiltering - skip non existing resourceDirectory E:\Karate\karate\src\test\resources
2024-08-17 20:34:07,446 [Worker-9: Building] INFO  o.a.m.s.f.DefaultMavenResourcesFiltering - skip non existing resourceDirectory E:\Karate\karate\src\main\resources
2024-08-17 20:34:07,452 [Worker-9: Building] INFO  o.a.m.s.f.DefaultMavenResourcesFiltering - skip non existing resourceDirectory E:\Karate\karate\src\test\resources
2024-08-17 20:34:28,177 [Worker-9: Building] INFO  o.a.m.s.f.DefaultMavenResourcesFiltering - skip non existing resourceDirectory E:\Karate\karate\src\main\resources
2024-08-17 20:34:28,180 [Worker-9: Building] INFO  o.a.m.s.f.DefaultMavenResourcesFiltering - skip non existing resourceDirectory E:\Karate\karate\src\test\resources
2024-08-17 20:34:29,640 [Worker-11: Launching Runner] INFO  o.a.m.s.f.DefaultMavenResourcesFiltering - skip non existing resourceDirectory E:\Karate\karate\src\main\resources
2024-08-17 20:34:29,644 [Worker-11: Launching Runner] INFO  o.a.m.s.f.DefaultMavenResourcesFiltering - skip non existing resourceDirectory E:\Karate\karate\src\test\resources
2024-08-17 20:35:14,587 [Worker-9: Building] INFO  o.a.m.s.f.DefaultMavenResourcesFiltering - skip non existing resourceDirectory E:\Karate\karate\src\main\resources
2024-08-17 20:35:14,589 [Worker-9: Building] INFO  o.a.m.s.f.DefaultMavenResourcesFiltering - skip non existing resourceDirectory E:\Karate\karate\src\test\resources
2024-08-17 20:35:57,280 [Worker-17: Building] INFO  o.a.m.s.f.DefaultMavenResourcesFiltering - skip non existing resourceDirectory E:\Karate\karate\src\main\resources
2024-08-17 20:35:57,283 [Worker-17: Building] INFO  o.a.m.s.f.DefaultMavenResourcesFiltering - skip non existing resourceDirectory E:\Karate\karate\src\test\resources
2024-08-17 20:36:09,953 [Worker-15: Building] INFO  o.a.m.s.f.DefaultMavenResourcesFiltering - skip non existing resourceDirectory E:\Karate\karate\src\main\resources
2024-08-17 20:36:09,957 [Worker-15: Building] INFO  o.a.m.s.f.DefaultMavenResourcesFiltering - skip non existing resourceDirectory E:\Karate\karate\src\test\resources
2024-08-17 20:37:24,372 [Worker-9: Building] INFO  o.a.m.s.f.DefaultMavenResourcesFiltering - skip non existing resourceDirectory E:\Karate\karate\src\main\resources
2024-08-17 20:37:24,376 [Worker-9: Building] INFO  o.a.m.s.f.DefaultMavenResourcesFiltering - skip non existing resourceDirectory E:\Karate\karate\src\test\resources
2024-08-17 20:40:21,319 [Worker-16: Building] INFO  o.a.m.s.f.DefaultMavenResourcesFiltering - skip non existing resourceDirectory E:\Karate\karate\src\main\resources
2024-08-17 20:40:21,323 [Worker-16: Building] INFO  o.a.m.s.f.DefaultMavenResourcesFiltering - skip non existing resourceDirectory E:\Karate\karate\src\test\resources
2024-08-17 20:42:10,011 [Worker-19: Building] INFO  o.a.m.s.f.DefaultMavenResourcesFiltering - skip non existing resourceDirectory E:\Karate\karate\src\main\resources
2024-08-17 20:42:10,015 [Worker-19: Building] INFO  o.a.m.s.f.DefaultMavenResourcesFiltering - skip non existing resourceDirectory E:\Karate\karate\src\test\resources
2024-08-17 23:04:22,583 [Worker-31: Building] INFO  o.a.m.s.f.DefaultMavenResourcesFiltering - skip non existing resourceDirectory E:\Karate\karate\src\main\resources
2024-08-17 23:04:22,586 [Worker-31: Building] INFO  o.a.m.s.f.DefaultMavenResourcesFiltering - skip non existing resourceDirectory E:\Karate\karate\src\test\resources
2024-08-18 00:13:54,187 [Worker-37: Building] INFO  o.a.m.s.f.DefaultMavenResourcesFiltering - skip non existing resourceDirectory E:\Karate\karate\src\main\resources
2024-08-18 00:13:54,191 [Worker-37: Building] INFO  o.a.m.s.f.DefaultMavenResourcesFiltering - skip non existing resourceDirectory E:\Karate\karate\src\test\resources
2024-08-18 00:13:55,441 [Stop Help Server] INFO  org.eclipse.jetty.server.Server - Stopped oejs.Server@63aa18b1{STOPPING}[12.0.5,sto=0]
2024-08-18 00:13:55,455 [Stop Help Server] INFO  o.e.jetty.server.AbstractConnector - Stopped ServerConnector@3bd788d3{HTTP/1.1, (http/1.1)}{127.0.0.1:0}
2024-08-18 11:53:37,802 [Worker-3: Loading available Gradle versions] INFO  o.e.b.c.i.u.g.PublishedGradleVersions - Gradle version information cache is up-to-date. Trying to read.
2024-08-18 11:55:09,600 [Worker-8: Building] INFO  o.a.m.s.f.DefaultMavenResourcesFiltering - skip non existing resourceDirectory E:\KarateApi\Karate\karate\src\main\resources
2024-08-18 11:55:09,607 [Worker-8: Building] INFO  o.a.m.s.f.DefaultMavenResourcesFiltering - skip non existing resourceDirectory E:\KarateApi\Karate\karate\src\test\resources
2024-08-18 13:01:30,050 [Worker-0: Loading available Gradle versions] INFO  o.e.b.c.i.u.g.PublishedGradleVersions - Gradle version information cache is up-to-date. Trying to read.
2024-08-18 13:06:38,658 [Worker-0: Building] INFO  o.a.m.s.f.DefaultMavenResourcesFiltering - skip non existing resourceDirectory E:\KarateApi\Karate\karate\src\main\resources
2024-08-18 13:06:38,666 [Worker-0: Building] INFO  o.a.m.s.f.DefaultMavenResourcesFiltering - skip non existing resourceDirectory E:\KarateApi\Karate\karate\src\test\resources
2024-08-18 13:06:47,194 [Worker-6: Building] INFO  o.a.m.s.f.DefaultMavenResourcesFiltering - skip non existing resourceDirectory E:\KarateApi\Karate\karate\src\main\resources
2024-08-18 13:06:47,198 [Worker-6: Building] INFO  o.a.m.s.f.DefaultMavenResourcesFiltering - skip non existing resourceDirectory E:\KarateApi\Karate\karate\src\test\resources
2024-08-18 13:07:10,069 [Worker-5: Building] INFO  o.a.m.s.f.DefaultMavenResourcesFiltering - skip non existing resourceDirectory E:\KarateApi\Karate\karate\src\main\resources
2024-08-18 13:07:10,076 [Worker-5: Building] INFO  o.a.m.s.f.DefaultMavenResourcesFiltering - skip non existing resourceDirectory E:\KarateApi\Karate\karate\src\test\resources
2024-08-18 13:07:17,172 [Worker-8: Building] INFO  o.a.m.s.f.DefaultMavenResourcesFiltering - skip non existing resourceDirectory E:\KarateApi\Karate\karate\src\main\resources
2024-08-18 13:07:17,177 [Worker-8: Building] INFO  o.a.m.s.f.DefaultMavenResourcesFiltering - skip non existing resourceDirectory E:\KarateApi\Karate\karate\src\test\resources
2024-08-18 19:09:58,345 [Worker-14: Building] INFO  o.a.m.s.f.DefaultMavenResourcesFiltering - skip non existing resourceDirectory E:\KarateApi\Karate\karate\src\main\resources
2024-08-18 19:09:58,348 [Worker-14: Building] INFO  o.a.m.s.f.DefaultMavenResourcesFiltering - skip non existing resourceDirectory E:\KarateApi\Karate\karate\src\test\resources
2024-08-18 19:11:17,139 [Worker-22: Building] INFO  o.a.m.s.f.DefaultMavenResourcesFiltering - skip non existing resourceDirectory E:\KarateApi\Karate\karate\src\main\resources
2024-08-18 19:11:17,145 [Worker-22: Building] INFO  o.a.m.s.f.DefaultMavenResourcesFiltering - skip non existing resourceDirectory E:\KarateApi\Karate\karate\src\test\resources
2024-08-18 19:11:20,843 [Worker-20: Launching Runner] INFO  o.a.m.s.f.DefaultMavenResourcesFiltering - skip non existing resourceDirectory E:\KarateApi\Karate\karate\src\main\resources
2024-08-18 19:11:20,847 [Worker-20: Launching Runner] INFO  o.a.m.s.f.DefaultMavenResourcesFiltering - skip non existing resourceDirectory E:\KarateApi\Karate\karate\src\test\resources
2024-08-18 19:14:02,800 [Worker-0: Loading available Gradle versions] INFO  o.e.b.c.i.u.g.PublishedGradleVersions - Gradle version information cache is up-to-date. Trying to read.
2024-08-18 19:15:36,163 [Worker-5: Building] INFO  o.a.m.s.f.DefaultMavenResourcesFiltering - skip non existing resourceDirectory E:\KarateApi\Karate\karate\src\main\resources
2024-08-18 19:15:36,177 [Worker-5: Building] INFO  o.a.m.s.f.DefaultMavenResourcesFiltering - skip non existing resourceDirectory E:\KarateApi\Karate\karate\src\test\resources
2024-08-18 19:16:54,958 [Worker-3: Building] INFO  o.a.m.s.f.DefaultMavenResourcesFiltering - skip non existing resourceDirectory E:\KarateApi\Karate\karate\src\main\resources
2024-08-18 19:16:54,964 [Worker-3: Building] INFO  o.a.m.s.f.DefaultMavenResourcesFiltering - skip non existing resourceDirectory E:\KarateApi\Karate\karate\src\test\resources
2024-08-18 19:30:12,020 [Worker-0: Loading available Gradle versions] INFO  o.e.b.c.i.u.g.PublishedGradleVersions - Gradle version information cache is up-to-date. Trying to read.
2024-08-18 19:32:34,790 [Worker-6: Building] INFO  o.a.m.s.f.DefaultMavenResourcesFiltering - skip non existing resourceDirectory E:\KarateApi\Karate\karate\src\main\resources
2024-08-18 19:32:34,796 [Worker-6: Building] INFO  o.a.m.s.f.DefaultMavenResourcesFiltering - skip non existing resourceDirectory E:\KarateApi\Karate\karate\src\test\resources
2024-08-18 19:34:33,426 [Worker-0: Building] INFO  o.a.m.s.f.DefaultMavenResourcesFiltering - skip non existing resourceDirectory E:\KarateApi\Karate\karate\src\main\resources
2024-08-18 19:34:33,463 [Worker-0: Building] INFO  o.a.m.s.f.DefaultMavenResourcesFiltering - skip non existing resourceDirectory E:\KarateApi\Karate\karate\src\test\resources
2024-08-18 19:36:15,613 [Worker-1: Building] INFO  o.a.m.s.f.DefaultMavenResourcesFiltering - skip non existing resourceDirectory E:\KarateApi\Karate\karate\src\main\resources
2024-08-18 19:36:15,618 [Worker-1: Building] INFO  o.a.m.s.f.DefaultMavenResourcesFiltering - skip non existing resourceDirectory E:\KarateApi\Karate\karate\src\test\resources
2024-08-18 19:36:56,283 [Worker-6: Building] INFO  o.a.m.s.f.DefaultMavenResourcesFiltering - skip non existing resourceDirectory E:\KarateApi\Karate\karate\src\main\resources
2024-08-18 19:36:56,286 [Worker-6: Building] INFO  o.a.m.s.f.DefaultMavenResourcesFiltering - skip non existing resourceDirectory E:\KarateApi\Karate\karate\src\test\resources
2024-08-18 20:13:34,405 [Worker-4: Loading available Gradle versions] INFO  o.e.b.c.i.u.g.PublishedGradleVersions - Gradle version information cache is out-of-date. Trying to update.
2024-08-18 20:14:07,714 [Worker-2: Building] INFO  o.a.m.s.f.DefaultMavenResourcesFiltering - skip non existing resourceDirectory E:\KarateApi\Karate\karate\src\main\resources
2024-08-18 20:14:07,723 [Worker-2: Building] INFO  o.a.m.s.f.DefaultMavenResourcesFiltering - skip non existing resourceDirectory E:\KarateApi\Karate\karate\src\test\resources
